[2016-11-30 21:22:22] DEBUG [django.db.backends:90] (0.004) 
            SELECT name, type FROM sqlite_master
            WHERE type in ('table', 'view') AND NOT name='sqlite_sequence'
            ORDER BY name; args=None
[2016-11-30 21:22:22] DEBUG [django.db.backends:90] (0.000) SELECT "django_migrations"."app", "django_migrations"."name" FROM "django_migrations"; args=()
[2016-11-30 21:22:53] DEBUG [django.db.backends:90] (0.002) SELECT "django_session"."session_key", "django_session"."session_data", "django_session"."expire_date" FROM "django_session" WHERE ("django_session"."expire_date" > '2016-12-01 05:22:53.830042' AND "django_session"."session_key" = 'figcln8g3oukkwuqylv6c0gc2bcu7o51'); args=('2016-12-01 05:22:53.830042', 'figcln8g3oukkwuqylv6c0gc2bcu7o51')
[2016-11-30 21:22:53] DEBUG [django.db.backends:90] (0.000) SELECT "auths_user"."password", "auths_user"."last_login", "auths_user"."is_superuser", "auths_user"."username", "auths_user"."first_name", "auths_user"."last_name", "auths_user"."email", "auths_user"."is_staff", "auths_user"."is_active", "auths_user"."date_joined", "auths_user"."id", "auths_user"."last_hierarchy_id", "auths_user"."last_module_id", "auths_user"."person_id", "auths_user"."updated_at", "auths_user"."registered_by" FROM "auths_user" WHERE "auths_user"."id" = '915b008a06b9406391807ca522830fca'; args=('915b008a06b9406391807ca522830fca',)
[2016-11-30 21:22:53] DEBUG [django.template:929] Exception while resolving variable 'is_popup' in template 'admin/index.html'.
Traceback (most recent call last):
  File "D:\MCR\marketsoft\ve_mcr\lib\site-packages\django\template\base.py", line 885, in _resolve_lookup
    current = current[bit]
  File "D:\MCR\marketsoft\ve_mcr\lib\site-packages\django\template\context.py", line 75, in __getitem__
    raise KeyError(key)
KeyError: 'is_popup'

During handling of the above exception, another exception occurred:

Traceback (most recent call last):
  File "D:\MCR\marketsoft\ve_mcr\lib\site-packages\django\template\base.py", line 891, in _resolve_lookup
    if isinstance(current, BaseContext) and getattr(type(current), bit):
AttributeError: type object 'RequestContext' has no attribute 'is_popup'

During handling of the above exception, another exception occurred:

Traceback (most recent call last):
  File "D:\MCR\marketsoft\ve_mcr\lib\site-packages\django\template\base.py", line 900, in _resolve_lookup
    current = current[int(bit)]
ValueError: invalid literal for int() with base 10: 'is_popup'

During handling of the above exception, another exception occurred:

Traceback (most recent call last):
  File "D:\MCR\marketsoft\ve_mcr\lib\site-packages\django\template\base.py", line 907, in _resolve_lookup
    (bit, current))  # missing attribute
django.template.base.VariableDoesNotExist: Failed lookup for key [is_popup] in "[{'None': None, 'False': False, 'True': True}, {'user': <SimpleLazyObject: <User: admin>>, 'DEFAULT_MESSAGE_LEVELS': {'DEBUG': 10, 'ERROR': 40, 'INFO': 20, 'WARNING': 30, 'SUCCESS': 25}, 'messages': <django.contrib.messages.storage.fallback.FallbackStorage object at 0x0000023954A13BE0>, 'perms': <django.contrib.auth.context_processors.PermWrapper object at 0x0000023954B155C0>, 'csrf_token': <SimpleLazyObject: <function csrf.<locals>._get_val at 0x0000023954A318C8>>, 'request': <WSGIRequest: GET '/admin/'>}, {}, {'site_title': <django.utils.functional.lazy.<locals>.__proxy__ object at 0x0000023953832AC8>, 'has_permission': True, 'site_header': <django.utils.functional.lazy.<locals>.__proxy__ object at 0x0000023953832B70>, 'LANGUAGE_BIDI': False, 'LANGUAGE_CODE': 'en-us', 'site_url': '/', 'title': <django.utils.functional.lazy.<locals>.__proxy__ object at 0x000002395379DCF8>, 'available_apps': [{'name': <django.utils.functional.lazy.<locals>.__proxy__ object at 0x00000239537AA630>, 'app_label': 'auth', 'has_module_perms': True, 'app_url': '/admin/auth/', 'models': [{'perms': {'add': True, 'change': True, 'delete': True}, 'add_url': '/admin/auth/group/add/', 'name': <django.utils.functional.lazy.<locals>.__proxy__ object at 0x0000023954A71630>, 'object_name': 'Group', 'admin_url': '/admin/auth/group/'}, {'perms': {'add': True, 'change': True, 'delete': True}, 'add_url': '/admin/auth/permission/add/', 'name': <django.utils.functional.lazy.<locals>.__proxy__ object at 0x0000023954A71080>, 'object_name': 'Permission', 'admin_url': '/admin/auth/permission/'}]}, {'name': 'Auths', 'app_label': 'auths', 'has_module_perms': True, 'app_url': '/admin/auths/', 'models': [{'perms': {'add': True, 'change': True, 'delete': True}, 'add_url': '/admin/auths/hierarchytype/add/', 'name': <django.utils.functional.lazy.<locals>.__proxy__ object at 0x0000023954A71A90>, 'object_name': 'HierarchyType', 'admin_url': '/admin/auths/hierarchytype/'}, {'perms': {'add': True, 'change': True, 'delete': True}, 'add_url': '/admin/auths/hierarchy/add/', 'name': <django.utils.functional.lazy.<locals>.__proxy__ object at 0x0000023954A8C0B8>, 'object_name': 'Hierarchy', 'admin_url': '/admin/auths/hierarchy/'}, {'perms': {'add': True, 'change': True, 'delete': True}, 'add_url': '/admin/auths/menu/add/', 'name': <django.utils.functional.lazy.<locals>.__proxy__ object at 0x0000023954A8CF60>, 'object_name': 'Menu', 'admin_url': '/admin/auths/menu/'}, {'perms': {'add': True, 'change': True, 'delete': True}, 'add_url': '/admin/auths/person/add/', 'name': <django.utils.functional.lazy.<locals>.__proxy__ object at 0x0000023954A8C828>, 'object_name': 'Person', 'admin_url': '/admin/auths/person/'}, {'perms': {'add': True, 'change': True, 'delete': True}, 'add_url': '/admin/auths/userhierarchygroup/add/', 'name': <django.utils.functional.lazy.<locals>.__proxy__ object at 0x0000023954A712E8>, 'object_name': 'UserHierarchyGroup', 'admin_url': '/admin/auths/userhierarchygroup/'}, {'perms': {'add': True, 'change': True, 'delete': True}, 'add_url': '/admin/auths/userhierarchypermission/add/', 'name': <django.utils.functional.lazy.<locals>.__proxy__ object at 0x0000023954A719E8>, 'object_name': 'UserHierarchyPermission', 'admin_url': '/admin/auths/userhierarchypermission/'}, {'perms': {'add': True, 'change': True, 'delete': True}, 'add_url': '/admin/auths/user/add/', 'name': <django.utils.functional.lazy.<locals>.__proxy__ object at 0x0000023954A71AC8>, 'object_name': 'User', 'admin_url': '/admin/auths/user/'}]}, {'name': <django.utils.functional.lazy.<locals>.__proxy__ object at 0x000002395384C9E8>, 'app_label': 'contenttypes', 'has_module_perms': True, 'app_url': '/admin/contenttypes/', 'models': [{'perms': {'add': True, 'change': True, 'delete': True}, 'add_url': '/admin/contenttypes/contenttype/add/', 'name': <django.utils.functional.lazy.<locals>.__proxy__ object at 0x0000023954A8C198>, 'object_name': 'ContentType', 'admin_url': '/admin/contenttypes/contenttype/'}]}, {'name': 'Django OAuth Toolkit', 'app_label': 'oauth2_provider', 'has_module_perms': True, 'app_url': '/admin/oauth2_provider/', 'models': [{'perms': {'add': True, 'change': True, 'delete': True}, 'add_url': '/admin/oauth2_provider/accesstoken/add/', 'name': <django.utils.functional.lazy.<locals>.__proxy__ object at 0x0000023954A71D68>, 'object_name': 'AccessToken', 'admin_url': '/admin/oauth2_provider/accesstoken/'}, {'perms': {'add': True, 'change': True, 'delete': True}, 'add_url': '/admin/oauth2_provider/application/add/', 'name': <django.utils.functional.lazy.<locals>.__proxy__ object at 0x0000023954A719B0>, 'object_name': 'Application', 'admin_url': '/admin/oauth2_provider/application/'}, {'perms': {'add': True, 'change': True, 'delete': True}, 'add_url': '/admin/oauth2_provider/grant/add/', 'name': <django.utils.functional.lazy.<locals>.__proxy__ object at 0x0000023954A71780>, 'object_name': 'Grant', 'admin_url': '/admin/oauth2_provider/grant/'}, {'perms': {'add': True, 'change': True, 'delete': True}, 'add_url': '/admin/oauth2_provider/refreshtoken/add/', 'name': <django.utils.functional.lazy.<locals>.__proxy__ object at 0x0000023954A71128>, 'object_name': 'RefreshToken', 'admin_url': '/admin/oauth2_provider/refreshtoken/'}]}, {'name': 'Registro', 'app_label': 'registro', 'has_module_perms': True, 'app_url': '/admin/registro/', 'models': [{'perms': {'add': True, 'change': True, 'delete': True}, 'add_url': '/admin/registro/cliente/add/', 'name': 'Clientes', 'object_name': 'Cliente', 'admin_url': '/admin/registro/cliente/'}, {'perms': {'add': True, 'change': True, 'delete': True}, 'add_url': '/admin/registro/distribuidor/add/', 'name': <django.utils.functional.lazy.<locals>.__proxy__ object at 0x0000023954A8CAC8>, 'object_name': 'Distribuidor', 'admin_url': '/admin/registro/distribuidor/'}, {'perms': {'add': True, 'change': True, 'delete': True}, 'add_url': '/admin/registro/marca/add/', 'name': <django.utils.functional.lazy.<locals>.__proxy__ object at 0x0000023954A8C0F0>, 'object_name': 'Marca', 'admin_url': '/admin/registro/marca/'}, {'perms': {'add': True, 'change': True, 'delete': True}, 'add_url': '/admin/registro/producto/add/', 'name': <django.utils.functional.lazy.<locals>.__proxy__ object at 0x0000023954A8C550>, 'object_name': 'Producto', 'admin_url': '/admin/registro/producto/'}]}], 'app_list': [{'name': <django.utils.functional.lazy.<locals>.__proxy__ object at 0x00000239537AA630>, 'app_label': 'auth', 'has_module_perms': True, 'app_url': '/admin/auth/', 'models': [{'perms': {'add': True, 'change': True, 'delete': True}, 'add_url': '/admin/auth/group/add/', 'name': <django.utils.functional.lazy.<locals>.__proxy__ object at 0x0000023954A5FF60>, 'object_name': 'Group', 'admin_url': '/admin/auth/group/'}, {'perms': {'add': True, 'change': True, 'delete': True}, 'add_url': '/admin/auth/permission/add/', 'name': <django.utils.functional.lazy.<locals>.__proxy__ object at 0x0000023954A5FFD0>, 'object_name': 'Permission', 'admin_url': '/admin/auth/permission/'}]}, {'name': 'Auths', 'app_label': 'auths', 'has_module_perms': True, 'app_url': '/admin/auths/', 'models': [{'perms': {'add': True, 'change': True, 'delete': True}, 'add_url': '/admin/auths/hierarchytype/add/', 'name': <django.utils.functional.lazy.<locals>.__proxy__ object at 0x0000023954A23128>, 'object_name': 'HierarchyType', 'admin_url': '/admin/auths/hierarchytype/'}, {'perms': {'add': True, 'change': True, 'delete': True}, 'add_url': '/admin/auths/hierarchy/add/', 'name': <django.utils.functional.lazy.<locals>.__proxy__ object at 0x0000023954A71D30>, 'object_name': 'Hierarchy', 'admin_url': '/admin/auths/hierarchy/'}, {'perms': {'add': True, 'change': True, 'delete': True}, 'add_url': '/admin/auths/menu/add/', 'name': <django.utils.functional.lazy.<locals>.__proxy__ object at 0x0000023954A71DA0>, 'object_name': 'Menu', 'admin_url': '/admin/auths/menu/'}, {'perms': {'add': True, 'change': True, 'delete': True}, 'add_url': '/admin/auths/person/add/', 'name': <django.utils.functional.lazy.<locals>.__proxy__ object at 0x0000023954A71400>, 'object_name': 'Person', 'admin_url': '/admin/auths/person/'}, {'perms': {'add': True, 'change': True, 'delete': True}, 'add_url': '/admin/auths/userhierarchygroup/add/', 'name': <django.utils.functional.lazy.<locals>.__proxy__ object at 0x0000023954A5FEF0>, 'object_name': 'UserHierarchyGroup', 'admin_url': '/admin/auths/userhierarchygroup/'}, {'perms': {'add': True, 'change': True, 'delete': True}, 'add_url': '/admin/auths/userhierarchypermission/add/', 'name': <django.utils.functional.lazy.<locals>.__proxy__ object at 0x0000023954AA8EB8>, 'object_name': 'UserHierarchyPermission', 'admin_url': '/admin/auths/userhierarchypermission/'}, {'perms': {'add': True, 'change': True, 'delete': True}, 'add_url': '/admin/auths/user/add/', 'name': <django.utils.functional.lazy.<locals>.__proxy__ object at 0x0000023954A54208>, 'object_name': 'User', 'admin_url': '/admin/auths/user/'}]}, {'name': <django.utils.functional.lazy.<locals>.__proxy__ object at 0x000002395384C9E8>, 'app_label': 'contenttypes', 'has_module_perms': True, 'app_url': '/admin/contenttypes/', 'models': [{'perms': {'add': True, 'change': True, 'delete': True}, 'add_url': '/admin/contenttypes/contenttype/add/', 'name': <django.utils.functional.lazy.<locals>.__proxy__ object at 0x0000023954A715C0>, 'object_name': 'ContentType', 'admin_url': '/admin/contenttypes/contenttype/'}]}, {'name': 'Django OAuth Toolkit', 'app_label': 'oauth2_provider', 'has_module_perms': True, 'app_url': '/admin/oauth2_provider/', 'models': [{'perms': {'add': True, 'change': True, 'delete': True}, 'add_url': '/admin/oauth2_provider/accesstoken/add/', 'name': <django.utils.functional.lazy.<locals>.__proxy__ object at 0x0000023954A23E80>, 'object_name': 'AccessToken', 'admin_url': '/admin/oauth2_provider/accesstoken/'}, {'perms': {'add': True, 'change': True, 'delete': True}, 'add_url': '/admin/oauth2_provider/application/add/', 'name': <django.utils.functional.lazy.<locals>.__proxy__ object at 0x0000023954A5FF98>, 'object_name': 'Application', 'admin_url': '/admin/oauth2_provider/application/'}, {'perms': {'add': True, 'change': True, 'delete': True}, 'add_url': '/admin/oauth2_provider/grant/add/', 'name': <django.utils.functional.lazy.<locals>.__proxy__ object at 0x0000023954A5FF28>, 'object_name': 'Grant', 'admin_url': '/admin/oauth2_provider/grant/'}, {'perms': {'add': True, 'change': True, 'delete': True}, 'add_url': '/admin/oauth2_provider/refreshtoken/add/', 'name': <django.utils.functional.lazy.<locals>.__proxy__ object at 0x0000023954AA8F28>, 'object_name': 'RefreshToken', 'admin_url': '/admin/oauth2_provider/refreshtoken/'}]}, {'name': 'Registro', 'app_label': 'registro', 'has_module_perms': True, 'app_url': '/admin/registro/', 'models': [{'perms': {'add': True, 'change': True, 'delete': True}, 'add_url': '/admin/registro/cliente/add/', 'name': 'Clientes', 'object_name': 'Cliente', 'admin_url': '/admin/registro/cliente/'}, {'perms': {'add': True, 'change': True, 'delete': True}, 'add_url': '/admin/registro/distribuidor/add/', 'name': <django.utils.functional.lazy.<locals>.__proxy__ object at 0x0000023954A71390>, 'object_name': 'Distribuidor', 'admin_url': '/admin/registro/distribuidor/'}, {'perms': {'add': True, 'change': True, 'delete': True}, 'add_url': '/admin/registro/marca/add/', 'name': <django.utils.functional.lazy.<locals>.__proxy__ object at 0x0000023954A71668>, 'object_name': 'Marca', 'admin_url': '/admin/registro/marca/'}, {'perms': {'add': True, 'change': True, 'delete': True}, 'add_url': '/admin/registro/producto/add/', 'name': <django.utils.functional.lazy.<locals>.__proxy__ object at 0x0000023954A71940>, 'object_name': 'Producto', 'admin_url': '/admin/registro/producto/'}]}]}]"
[2016-11-30 21:22:53] DEBUG [django.template:929] Exception while resolving variable 'is_popup' in template 'admin/index.html'.
Traceback (most recent call last):
  File "D:\MCR\marketsoft\ve_mcr\lib\site-packages\django\template\base.py", line 885, in _resolve_lookup
    current = current[bit]
  File "D:\MCR\marketsoft\ve_mcr\lib\site-packages\django\template\context.py", line 75, in __getitem__
    raise KeyError(key)
KeyError: 'is_popup'

During handling of the above exception, another exception occurred:

Traceback (most recent call last):
  File "D:\MCR\marketsoft\ve_mcr\lib\site-packages\django\template\base.py", line 891, in _resolve_lookup
    if isinstance(current, BaseContext) and getattr(type(current), bit):
AttributeError: type object 'RequestContext' has no attribute 'is_popup'

During handling of the above exception, another exception occurred:

Traceback (most recent call last):
  File "D:\MCR\marketsoft\ve_mcr\lib\site-packages\django\template\base.py", line 900, in _resolve_lookup
    current = current[int(bit)]
ValueError: invalid literal for int() with base 10: 'is_popup'

During handling of the above exception, another exception occurred:

Traceback (most recent call last):
  File "D:\MCR\marketsoft\ve_mcr\lib\site-packages\django\template\base.py", line 907, in _resolve_lookup
    (bit, current))  # missing attribute
django.template.base.VariableDoesNotExist: Failed lookup for key [is_popup] in "[{'None': None, 'False': False, 'True': True}, {'user': <SimpleLazyObject: <User: admin>>, 'DEFAULT_MESSAGE_LEVELS': {'DEBUG': 10, 'ERROR': 40, 'INFO': 20, 'WARNING': 30, 'SUCCESS': 25}, 'messages': <django.contrib.messages.storage.fallback.FallbackStorage object at 0x0000023954A13BE0>, 'perms': <django.contrib.auth.context_processors.PermWrapper object at 0x0000023954B155C0>, 'csrf_token': <SimpleLazyObject: <function csrf.<locals>._get_val at 0x0000023954A318C8>>, 'request': <WSGIRequest: GET '/admin/'>}, {}, {'site_title': <django.utils.functional.lazy.<locals>.__proxy__ object at 0x0000023953832AC8>, 'has_permission': True, 'site_header': <django.utils.functional.lazy.<locals>.__proxy__ object at 0x0000023953832B70>, 'LANGUAGE_BIDI': False, 'LANGUAGE_CODE': 'en-us', 'site_url': '/', 'title': <django.utils.functional.lazy.<locals>.__proxy__ object at 0x000002395379DCF8>, 'available_apps': [{'name': <django.utils.functional.lazy.<locals>.__proxy__ object at 0x00000239537AA630>, 'app_label': 'auth', 'has_module_perms': True, 'app_url': '/admin/auth/', 'models': [{'perms': {'add': True, 'change': True, 'delete': True}, 'add_url': '/admin/auth/group/add/', 'name': <django.utils.functional.lazy.<locals>.__proxy__ object at 0x0000023954A71630>, 'object_name': 'Group', 'admin_url': '/admin/auth/group/'}, {'perms': {'add': True, 'change': True, 'delete': True}, 'add_url': '/admin/auth/permission/add/', 'name': <django.utils.functional.lazy.<locals>.__proxy__ object at 0x0000023954A71080>, 'object_name': 'Permission', 'admin_url': '/admin/auth/permission/'}]}, {'name': 'Auths', 'app_label': 'auths', 'has_module_perms': True, 'app_url': '/admin/auths/', 'models': [{'perms': {'add': True, 'change': True, 'delete': True}, 'add_url': '/admin/auths/hierarchytype/add/', 'name': <django.utils.functional.lazy.<locals>.__proxy__ object at 0x0000023954A71A90>, 'object_name': 'HierarchyType', 'admin_url': '/admin/auths/hierarchytype/'}, {'perms': {'add': True, 'change': True, 'delete': True}, 'add_url': '/admin/auths/hierarchy/add/', 'name': <django.utils.functional.lazy.<locals>.__proxy__ object at 0x0000023954A8C0B8>, 'object_name': 'Hierarchy', 'admin_url': '/admin/auths/hierarchy/'}, {'perms': {'add': True, 'change': True, 'delete': True}, 'add_url': '/admin/auths/menu/add/', 'name': <django.utils.functional.lazy.<locals>.__proxy__ object at 0x0000023954A8CF60>, 'object_name': 'Menu', 'admin_url': '/admin/auths/menu/'}, {'perms': {'add': True, 'change': True, 'delete': True}, 'add_url': '/admin/auths/person/add/', 'name': <django.utils.functional.lazy.<locals>.__proxy__ object at 0x0000023954A8C828>, 'object_name': 'Person', 'admin_url': '/admin/auths/person/'}, {'perms': {'add': True, 'change': True, 'delete': True}, 'add_url': '/admin/auths/userhierarchygroup/add/', 'name': <django.utils.functional.lazy.<locals>.__proxy__ object at 0x0000023954A712E8>, 'object_name': 'UserHierarchyGroup', 'admin_url': '/admin/auths/userhierarchygroup/'}, {'perms': {'add': True, 'change': True, 'delete': True}, 'add_url': '/admin/auths/userhierarchypermission/add/', 'name': <django.utils.functional.lazy.<locals>.__proxy__ object at 0x0000023954A719E8>, 'object_name': 'UserHierarchyPermission', 'admin_url': '/admin/auths/userhierarchypermission/'}, {'perms': {'add': True, 'change': True, 'delete': True}, 'add_url': '/admin/auths/user/add/', 'name': <django.utils.functional.lazy.<locals>.__proxy__ object at 0x0000023954A71AC8>, 'object_name': 'User', 'admin_url': '/admin/auths/user/'}]}, {'name': <django.utils.functional.lazy.<locals>.__proxy__ object at 0x000002395384C9E8>, 'app_label': 'contenttypes', 'has_module_perms': True, 'app_url': '/admin/contenttypes/', 'models': [{'perms': {'add': True, 'change': True, 'delete': True}, 'add_url': '/admin/contenttypes/contenttype/add/', 'name': <django.utils.functional.lazy.<locals>.__proxy__ object at 0x0000023954A8C198>, 'object_name': 'ContentType', 'admin_url': '/admin/contenttypes/contenttype/'}]}, {'name': 'Django OAuth Toolkit', 'app_label': 'oauth2_provider', 'has_module_perms': True, 'app_url': '/admin/oauth2_provider/', 'models': [{'perms': {'add': True, 'change': True, 'delete': True}, 'add_url': '/admin/oauth2_provider/accesstoken/add/', 'name': <django.utils.functional.lazy.<locals>.__proxy__ object at 0x0000023954A71D68>, 'object_name': 'AccessToken', 'admin_url': '/admin/oauth2_provider/accesstoken/'}, {'perms': {'add': True, 'change': True, 'delete': True}, 'add_url': '/admin/oauth2_provider/application/add/', 'name': <django.utils.functional.lazy.<locals>.__proxy__ object at 0x0000023954A719B0>, 'object_name': 'Application', 'admin_url': '/admin/oauth2_provider/application/'}, {'perms': {'add': True, 'change': True, 'delete': True}, 'add_url': '/admin/oauth2_provider/grant/add/', 'name': <django.utils.functional.lazy.<locals>.__proxy__ object at 0x0000023954A71780>, 'object_name': 'Grant', 'admin_url': '/admin/oauth2_provider/grant/'}, {'perms': {'add': True, 'change': True, 'delete': True}, 'add_url': '/admin/oauth2_provider/refreshtoken/add/', 'name': <django.utils.functional.lazy.<locals>.__proxy__ object at 0x0000023954A71128>, 'object_name': 'RefreshToken', 'admin_url': '/admin/oauth2_provider/refreshtoken/'}]}, {'name': 'Registro', 'app_label': 'registro', 'has_module_perms': True, 'app_url': '/admin/registro/', 'models': [{'perms': {'add': True, 'change': True, 'delete': True}, 'add_url': '/admin/registro/cliente/add/', 'name': 'Clientes', 'object_name': 'Cliente', 'admin_url': '/admin/registro/cliente/'}, {'perms': {'add': True, 'change': True, 'delete': True}, 'add_url': '/admin/registro/distribuidor/add/', 'name': <django.utils.functional.lazy.<locals>.__proxy__ object at 0x0000023954A8CAC8>, 'object_name': 'Distribuidor', 'admin_url': '/admin/registro/distribuidor/'}, {'perms': {'add': True, 'change': True, 'delete': True}, 'add_url': '/admin/registro/marca/add/', 'name': <django.utils.functional.lazy.<locals>.__proxy__ object at 0x0000023954A8C0F0>, 'object_name': 'Marca', 'admin_url': '/admin/registro/marca/'}, {'perms': {'add': True, 'change': True, 'delete': True}, 'add_url': '/admin/registro/producto/add/', 'name': <django.utils.functional.lazy.<locals>.__proxy__ object at 0x0000023954A8C550>, 'object_name': 'Producto', 'admin_url': '/admin/registro/producto/'}]}], 'app_list': [{'name': <django.utils.functional.lazy.<locals>.__proxy__ object at 0x00000239537AA630>, 'app_label': 'auth', 'has_module_perms': True, 'app_url': '/admin/auth/', 'models': [{'perms': {'add': True, 'change': True, 'delete': True}, 'add_url': '/admin/auth/group/add/', 'name': <django.utils.functional.lazy.<locals>.__proxy__ object at 0x0000023954A5FF60>, 'object_name': 'Group', 'admin_url': '/admin/auth/group/'}, {'perms': {'add': True, 'change': True, 'delete': True}, 'add_url': '/admin/auth/permission/add/', 'name': <django.utils.functional.lazy.<locals>.__proxy__ object at 0x0000023954A5FFD0>, 'object_name': 'Permission', 'admin_url': '/admin/auth/permission/'}]}, {'name': 'Auths', 'app_label': 'auths', 'has_module_perms': True, 'app_url': '/admin/auths/', 'models': [{'perms': {'add': True, 'change': True, 'delete': True}, 'add_url': '/admin/auths/hierarchytype/add/', 'name': <django.utils.functional.lazy.<locals>.__proxy__ object at 0x0000023954A23128>, 'object_name': 'HierarchyType', 'admin_url': '/admin/auths/hierarchytype/'}, {'perms': {'add': True, 'change': True, 'delete': True}, 'add_url': '/admin/auths/hierarchy/add/', 'name': <django.utils.functional.lazy.<locals>.__proxy__ object at 0x0000023954A71D30>, 'object_name': 'Hierarchy', 'admin_url': '/admin/auths/hierarchy/'}, {'perms': {'add': True, 'change': True, 'delete': True}, 'add_url': '/admin/auths/menu/add/', 'name': <django.utils.functional.lazy.<locals>.__proxy__ object at 0x0000023954A71DA0>, 'object_name': 'Menu', 'admin_url': '/admin/auths/menu/'}, {'perms': {'add': True, 'change': True, 'delete': True}, 'add_url': '/admin/auths/person/add/', 'name': <django.utils.functional.lazy.<locals>.__proxy__ object at 0x0000023954A71400>, 'object_name': 'Person', 'admin_url': '/admin/auths/person/'}, {'perms': {'add': True, 'change': True, 'delete': True}, 'add_url': '/admin/auths/userhierarchygroup/add/', 'name': <django.utils.functional.lazy.<locals>.__proxy__ object at 0x0000023954A5FEF0>, 'object_name': 'UserHierarchyGroup', 'admin_url': '/admin/auths/userhierarchygroup/'}, {'perms': {'add': True, 'change': True, 'delete': True}, 'add_url': '/admin/auths/userhierarchypermission/add/', 'name': <django.utils.functional.lazy.<locals>.__proxy__ object at 0x0000023954AA8EB8>, 'object_name': 'UserHierarchyPermission', 'admin_url': '/admin/auths/userhierarchypermission/'}, {'perms': {'add': True, 'change': True, 'delete': True}, 'add_url': '/admin/auths/user/add/', 'name': <django.utils.functional.lazy.<locals>.__proxy__ object at 0x0000023954A54208>, 'object_name': 'User', 'admin_url': '/admin/auths/user/'}]}, {'name': <django.utils.functional.lazy.<locals>.__proxy__ object at 0x000002395384C9E8>, 'app_label': 'contenttypes', 'has_module_perms': True, 'app_url': '/admin/contenttypes/', 'models': [{'perms': {'add': True, 'change': True, 'delete': True}, 'add_url': '/admin/contenttypes/contenttype/add/', 'name': <django.utils.functional.lazy.<locals>.__proxy__ object at 0x0000023954A715C0>, 'object_name': 'ContentType', 'admin_url': '/admin/contenttypes/contenttype/'}]}, {'name': 'Django OAuth Toolkit', 'app_label': 'oauth2_provider', 'has_module_perms': True, 'app_url': '/admin/oauth2_provider/', 'models': [{'perms': {'add': True, 'change': True, 'delete': True}, 'add_url': '/admin/oauth2_provider/accesstoken/add/', 'name': <django.utils.functional.lazy.<locals>.__proxy__ object at 0x0000023954A23E80>, 'object_name': 'AccessToken', 'admin_url': '/admin/oauth2_provider/accesstoken/'}, {'perms': {'add': True, 'change': True, 'delete': True}, 'add_url': '/admin/oauth2_provider/application/add/', 'name': <django.utils.functional.lazy.<locals>.__proxy__ object at 0x0000023954A5FF98>, 'object_name': 'Application', 'admin_url': '/admin/oauth2_provider/application/'}, {'perms': {'add': True, 'change': True, 'delete': True}, 'add_url': '/admin/oauth2_provider/grant/add/', 'name': <django.utils.functional.lazy.<locals>.__proxy__ object at 0x0000023954A5FF28>, 'object_name': 'Grant', 'admin_url': '/admin/oauth2_provider/grant/'}, {'perms': {'add': True, 'change': True, 'delete': True}, 'add_url': '/admin/oauth2_provider/refreshtoken/add/', 'name': <django.utils.functional.lazy.<locals>.__proxy__ object at 0x0000023954AA8F28>, 'object_name': 'RefreshToken', 'admin_url': '/admin/oauth2_provider/refreshtoken/'}]}, {'name': 'Registro', 'app_label': 'registro', 'has_module_perms': True, 'app_url': '/admin/registro/', 'models': [{'perms': {'add': True, 'change': True, 'delete': True}, 'add_url': '/admin/registro/cliente/add/', 'name': 'Clientes', 'object_name': 'Cliente', 'admin_url': '/admin/registro/cliente/'}, {'perms': {'add': True, 'change': True, 'delete': True}, 'add_url': '/admin/registro/distribuidor/add/', 'name': <django.utils.functional.lazy.<locals>.__proxy__ object at 0x0000023954A71390>, 'object_name': 'Distribuidor', 'admin_url': '/admin/registro/distribuidor/'}, {'perms': {'add': True, 'change': True, 'delete': True}, 'add_url': '/admin/registro/marca/add/', 'name': <django.utils.functional.lazy.<locals>.__proxy__ object at 0x0000023954A71668>, 'object_name': 'Marca', 'admin_url': '/admin/registro/marca/'}, {'perms': {'add': True, 'change': True, 'delete': True}, 'add_url': '/admin/registro/producto/add/', 'name': <django.utils.functional.lazy.<locals>.__proxy__ object at 0x0000023954A71940>, 'object_name': 'Producto', 'admin_url': '/admin/registro/producto/'}]}]}]"
[2016-11-30 21:22:53] DEBUG [django.db.backends:90] (0.001) SELECT "django_admin_log"."id", "django_admin_log"."action_time", "django_admin_log"."user_id", "django_admin_log"."content_type_id", "django_admin_log"."object_id", "django_admin_log"."object_repr", "django_admin_log"."action_flag", "django_admin_log"."change_message", "auths_user"."password", "auths_user"."last_login", "auths_user"."is_superuser", "auths_user"."username", "auths_user"."first_name", "auths_user"."last_name", "auths_user"."email", "auths_user"."is_staff", "auths_user"."is_active", "auths_user"."date_joined", "auths_user"."id", "auths_user"."last_hierarchy_id", "auths_user"."last_module_id", "auths_user"."person_id", "auths_user"."updated_at", "auths_user"."registered_by", "django_content_type"."id", "django_content_type"."app_label", "django_content_type"."model" FROM "django_admin_log" INNER JOIN "auths_user" ON ("django_admin_log"."user_id" = "auths_user"."id") LEFT OUTER JOIN "django_content_type" ON ("django_admin_log"."content_type_id" = "django_content_type"."id") WHERE "django_admin_log"."user_id" = '915b008a06b9406391807ca522830fca' ORDER BY "django_admin_log"."action_time" DESC LIMIT 10; args=('915b008a06b9406391807ca522830fca',)
[2016-11-30 21:22:53] INFO [django.server:131] "GET /admin/ HTTP/1.1" 200 14135
[2016-11-30 21:22:53] INFO [django.server:131] "GET /static/admin/css/base.css HTTP/1.1" 304 0
[2016-11-30 21:22:53] INFO [django.server:131] "GET /static/admin/css/dashboard.css HTTP/1.1" 304 0
[2016-11-30 21:22:54] INFO [django.server:131] "GET /static/admin/css/fonts.css HTTP/1.1" 304 0
[2016-11-30 21:22:54] INFO [django.server:131] "GET /static/admin/fonts/Roboto-Light-webfont.woff HTTP/1.1" 304 0
[2016-11-30 21:22:54] INFO [django.server:131] "GET /static/admin/fonts/Roboto-Bold-webfont.woff HTTP/1.1" 304 0
[2016-11-30 21:22:54] INFO [django.server:131] "GET /static/admin/fonts/Roboto-Regular-webfont.woff HTTP/1.1" 304 0
[2016-11-30 21:22:54] INFO [django.server:131] "GET /static/admin/img/icon-addlink.svg HTTP/1.1" 304 0
[2016-11-30 21:22:54] INFO [django.server:131] "GET /static/admin/img/icon-changelink.svg HTTP/1.1" 304 0
[2016-11-30 21:23:13] INFO [django.server:131] "OPTIONS /api/auths/usermenu/ HTTP/1.1" 200 0
[2016-11-30 21:23:13] INFO [django.server:131] "OPTIONS /api/auths/localuserinfo/ HTTP/1.1" 200 0
[2016-11-30 21:23:13] DEBUG [django.db.backends:90] (0.001) SELECT "oauth2_provider_accesstoken"."id", "oauth2_provider_accesstoken"."user_id", "oauth2_provider_accesstoken"."token", "oauth2_provider_accesstoken"."application_id", "oauth2_provider_accesstoken"."expires", "oauth2_provider_accesstoken"."scope", "auths_user"."password", "auths_user"."last_login", "auths_user"."is_superuser", "auths_user"."username", "auths_user"."first_name", "auths_user"."last_name", "auths_user"."email", "auths_user"."is_staff", "auths_user"."is_active", "auths_user"."date_joined", "auths_user"."id", "auths_user"."last_hierarchy_id", "auths_user"."last_module_id", "auths_user"."person_id", "auths_user"."updated_at", "auths_user"."registered_by", "oauth2_provider_application"."id", "oauth2_provider_application"."client_id", "oauth2_provider_application"."user_id", "oauth2_provider_application"."redirect_uris", "oauth2_provider_application"."client_type", "oauth2_provider_application"."authorization_grant_type", "oauth2_provider_application"."client_secret", "oauth2_provider_application"."name", "oauth2_provider_application"."skip_authorization" FROM "oauth2_provider_accesstoken" LEFT OUTER JOIN "auths_user" ON ("oauth2_provider_accesstoken"."user_id" = "auths_user"."id") INNER JOIN "oauth2_provider_application" ON ("oauth2_provider_accesstoken"."application_id" = "oauth2_provider_application"."id") WHERE "oauth2_provider_accesstoken"."token" = 'BaFwhgUlsBeWuhyyUXsFIqfdULy7FG'; args=('BaFwhgUlsBeWuhyyUXsFIqfdULy7FG',)
[2016-11-30 21:23:13] DEBUG [django.db.backends:90] (0.000) SELECT "auths_user"."password", "auths_user"."last_login", "auths_user"."is_superuser", "auths_user"."username", "auths_user"."first_name", "auths_user"."last_name", "auths_user"."email", "auths_user"."is_staff", "auths_user"."is_active", "auths_user"."date_joined", "auths_user"."id", "auths_user"."last_hierarchy_id", "auths_user"."last_module_id", "auths_user"."person_id", "auths_user"."updated_at", "auths_user"."registered_by" FROM "auths_user" WHERE "auths_user"."username" IS NULL; args=()
[2016-11-30 21:23:13] DEBUG [django.db.backends:90] (0.000) SELECT "oauth2_provider_accesstoken"."id", "oauth2_provider_accesstoken"."user_id", "oauth2_provider_accesstoken"."token", "oauth2_provider_accesstoken"."application_id", "oauth2_provider_accesstoken"."expires", "oauth2_provider_accesstoken"."scope", "auths_user"."password", "auths_user"."last_login", "auths_user"."is_superuser", "auths_user"."username", "auths_user"."first_name", "auths_user"."last_name", "auths_user"."email", "auths_user"."is_staff", "auths_user"."is_active", "auths_user"."date_joined", "auths_user"."id", "auths_user"."last_hierarchy_id", "auths_user"."last_module_id", "auths_user"."person_id", "auths_user"."updated_at", "auths_user"."registered_by", "oauth2_provider_application"."id", "oauth2_provider_application"."client_id", "oauth2_provider_application"."user_id", "oauth2_provider_application"."redirect_uris", "oauth2_provider_application"."client_type", "oauth2_provider_application"."authorization_grant_type", "oauth2_provider_application"."client_secret", "oauth2_provider_application"."name", "oauth2_provider_application"."skip_authorization" FROM "oauth2_provider_accesstoken" LEFT OUTER JOIN "auths_user" ON ("oauth2_provider_accesstoken"."user_id" = "auths_user"."id") INNER JOIN "oauth2_provider_application" ON ("oauth2_provider_accesstoken"."application_id" = "oauth2_provider_application"."id") WHERE "oauth2_provider_accesstoken"."token" = 'BaFwhgUlsBeWuhyyUXsFIqfdULy7FG'; args=('BaFwhgUlsBeWuhyyUXsFIqfdULy7FG',)
[2016-11-30 21:23:13] WARNING [django.server:131] "GET /api/auths/usermenu/ HTTP/1.1" 401 58
[2016-11-30 21:23:14] DEBUG [django.db.backends:90] (0.001) SELECT "auths_menu"."router_json" FROM "auths_menu" ORDER BY "auths_menu"."pos" ASC; args=()
[2016-11-30 21:23:14] INFO [django.server:131] "GET /api/auths/routers/ HTTP/1.1" 200 2
[2016-11-30 21:23:16] DEBUG [django.db.backends:90] (0.002) SELECT "oauth2_provider_application"."id", "oauth2_provider_application"."client_id", "oauth2_provider_application"."user_id", "oauth2_provider_application"."redirect_uris", "oauth2_provider_application"."client_type", "oauth2_provider_application"."authorization_grant_type", "oauth2_provider_application"."client_secret", "oauth2_provider_application"."name", "oauth2_provider_application"."skip_authorization" FROM "oauth2_provider_application" WHERE "oauth2_provider_application"."client_id" = '7kg3mZAQbOuc65ZmnDOkOcq6ouAVubhATreRa624'; args=('7kg3mZAQbOuc65ZmnDOkOcq6ouAVubhATreRa624',)
[2016-11-30 21:23:16] WARNING [django.server:131] "POST /o/token/ HTTP/1.1" 400 91
[2016-11-30 21:23:44] DEBUG [django.db.backends:90] (0.001) SELECT "oauth2_provider_application"."id", "oauth2_provider_application"."client_id", "oauth2_provider_application"."user_id", "oauth2_provider_application"."redirect_uris", "oauth2_provider_application"."client_type", "oauth2_provider_application"."authorization_grant_type", "oauth2_provider_application"."client_secret", "oauth2_provider_application"."name", "oauth2_provider_application"."skip_authorization" FROM "oauth2_provider_application" WHERE "oauth2_provider_application"."client_id" = '7kg3mZAQbOuc65ZmnDOkOcq6ouAVubhATreRa624'; args=('7kg3mZAQbOuc65ZmnDOkOcq6ouAVubhATreRa624',)
[2016-11-30 21:23:44] DEBUG [django.db.backends:90] (0.001) SELECT "auths_user"."password", "auths_user"."last_login", "auths_user"."is_superuser", "auths_user"."username", "auths_user"."first_name", "auths_user"."last_name", "auths_user"."email", "auths_user"."is_staff", "auths_user"."is_active", "auths_user"."date_joined", "auths_user"."id", "auths_user"."last_hierarchy_id", "auths_user"."last_module_id", "auths_user"."person_id", "auths_user"."updated_at", "auths_user"."registered_by" FROM "auths_user" WHERE "auths_user"."username" = 'admin'; args=('admin',)
[2016-11-30 21:23:44] DEBUG [django.db.backends:90] (0.000) BEGIN; args=None
[2016-11-30 21:23:44] DEBUG [django.db.backends:90] (0.001) INSERT INTO "oauth2_provider_accesstoken" ("user_id", "token", "application_id", "expires", "scope") VALUES ('915b008a06b9406391807ca522830fca', 'yNMtKIzEraL8RH5G5atBn0Tx82GlGE', 1, '2016-12-01 15:23:44.441393', 'write read'); args=['915b008a06b9406391807ca522830fca', 'yNMtKIzEraL8RH5G5atBn0Tx82GlGE', 1, '2016-12-01 15:23:44.441393', 'write read']
[2016-11-30 21:23:44] DEBUG [django.db.backends:90] (0.000) BEGIN; args=None
[2016-11-30 21:23:44] DEBUG [django.db.backends:90] (0.000) INSERT INTO "oauth2_provider_refreshtoken" ("user_id", "token", "application_id", "access_token_id") VALUES ('915b008a06b9406391807ca522830fca', 'UY9sRzhUOFZbzf9EXbXR3nLXySAeIq', 1, 22); args=['915b008a06b9406391807ca522830fca', 'UY9sRzhUOFZbzf9EXbXR3nLXySAeIq', 1, 22]
[2016-11-30 21:23:44] INFO [django.server:131] "POST /o/token/ HTTP/1.1" 200 169
[2016-11-30 21:23:45] DEBUG [django.db.backends:90] (0.002) SELECT "oauth2_provider_accesstoken"."id", "oauth2_provider_accesstoken"."user_id", "oauth2_provider_accesstoken"."token", "oauth2_provider_accesstoken"."application_id", "oauth2_provider_accesstoken"."expires", "oauth2_provider_accesstoken"."scope", "auths_user"."password", "auths_user"."last_login", "auths_user"."is_superuser", "auths_user"."username", "auths_user"."first_name", "auths_user"."last_name", "auths_user"."email", "auths_user"."is_staff", "auths_user"."is_active", "auths_user"."date_joined", "auths_user"."id", "auths_user"."last_hierarchy_id", "auths_user"."last_module_id", "auths_user"."person_id", "auths_user"."updated_at", "auths_user"."registered_by", "oauth2_provider_application"."id", "oauth2_provider_application"."client_id", "oauth2_provider_application"."user_id", "oauth2_provider_application"."redirect_uris", "oauth2_provider_application"."client_type", "oauth2_provider_application"."authorization_grant_type", "oauth2_provider_application"."client_secret", "oauth2_provider_application"."name", "oauth2_provider_application"."skip_authorization" FROM "oauth2_provider_accesstoken" LEFT OUTER JOIN "auths_user" ON ("oauth2_provider_accesstoken"."user_id" = "auths_user"."id") INNER JOIN "oauth2_provider_application" ON ("oauth2_provider_accesstoken"."application_id" = "oauth2_provider_application"."id") WHERE "oauth2_provider_accesstoken"."token" = 'yNMtKIzEraL8RH5G5atBn0Tx82GlGE'; args=('yNMtKIzEraL8RH5G5atBn0Tx82GlGE',)
[2016-11-30 21:23:45] DEBUG [django.db.backends:90] (0.000) SELECT "oauth2_provider_accesstoken"."id", "oauth2_provider_accesstoken"."user_id", "oauth2_provider_accesstoken"."token", "oauth2_provider_accesstoken"."application_id", "oauth2_provider_accesstoken"."expires", "oauth2_provider_accesstoken"."scope", "auths_user"."password", "auths_user"."last_login", "auths_user"."is_superuser", "auths_user"."username", "auths_user"."first_name", "auths_user"."last_name", "auths_user"."email", "auths_user"."is_staff", "auths_user"."is_active", "auths_user"."date_joined", "auths_user"."id", "auths_user"."last_hierarchy_id", "auths_user"."last_module_id", "auths_user"."person_id", "auths_user"."updated_at", "auths_user"."registered_by", "oauth2_provider_application"."id", "oauth2_provider_application"."client_id", "oauth2_provider_application"."user_id", "oauth2_provider_application"."redirect_uris", "oauth2_provider_application"."client_type", "oauth2_provider_application"."authorization_grant_type", "oauth2_provider_application"."client_secret", "oauth2_provider_application"."name", "oauth2_provider_application"."skip_authorization" FROM "oauth2_provider_accesstoken" LEFT OUTER JOIN "auths_user" ON ("oauth2_provider_accesstoken"."user_id" = "auths_user"."id") INNER JOIN "oauth2_provider_application" ON ("oauth2_provider_accesstoken"."application_id" = "oauth2_provider_application"."id") WHERE "oauth2_provider_accesstoken"."token" = 'yNMtKIzEraL8RH5G5atBn0Tx82GlGE'; args=('yNMtKIzEraL8RH5G5atBn0Tx82GlGE',)
[2016-11-30 21:23:45] DEBUG [django.db.backends:90] (0.000) SELECT "auth_group"."id", "auth_group"."name" FROM "auth_group" INNER JOIN "auths_user_groups" ON ("auth_group"."id" = "auths_user_groups"."group_id") WHERE "auths_user_groups"."user_id" = '915b008a06b9406391807ca522830fca'; args=('915b008a06b9406391807ca522830fca',)
[2016-11-30 21:23:45] DEBUG [django.db.backends:90] (0.001) SELECT "auth_permission"."id", "auth_permission"."name", "auth_permission"."content_type_id", "auth_permission"."codename" FROM "auth_permission" INNER JOIN "auths_user_user_permissions" ON ("auth_permission"."id" = "auths_user_user_permissions"."permission_id") INNER JOIN "django_content_type" ON ("auth_permission"."content_type_id" = "django_content_type"."id") WHERE "auths_user_user_permissions"."user_id" = '915b008a06b9406391807ca522830fca' ORDER BY "django_content_type"."app_label" ASC, "django_content_type"."model" ASC, "auth_permission"."codename" ASC; args=('915b008a06b9406391807ca522830fca',)
[2016-11-30 21:23:45] INFO [django.server:131] "GET /api/auths/localuserinfo/ HTTP/1.1" 200 405
[2016-11-30 21:23:45] DEBUG [django.db.backends:90] (0.001) SELECT "oauth2_provider_accesstoken"."id", "oauth2_provider_accesstoken"."user_id", "oauth2_provider_accesstoken"."token", "oauth2_provider_accesstoken"."application_id", "oauth2_provider_accesstoken"."expires", "oauth2_provider_accesstoken"."scope", "auths_user"."password", "auths_user"."last_login", "auths_user"."is_superuser", "auths_user"."username", "auths_user"."first_name", "auths_user"."last_name", "auths_user"."email", "auths_user"."is_staff", "auths_user"."is_active", "auths_user"."date_joined", "auths_user"."id", "auths_user"."last_hierarchy_id", "auths_user"."last_module_id", "auths_user"."person_id", "auths_user"."updated_at", "auths_user"."registered_by", "oauth2_provider_application"."id", "oauth2_provider_application"."client_id", "oauth2_provider_application"."user_id", "oauth2_provider_application"."redirect_uris", "oauth2_provider_application"."client_type", "oauth2_provider_application"."authorization_grant_type", "oauth2_provider_application"."client_secret", "oauth2_provider_application"."name", "oauth2_provider_application"."skip_authorization" FROM "oauth2_provider_accesstoken" LEFT OUTER JOIN "auths_user" ON ("oauth2_provider_accesstoken"."user_id" = "auths_user"."id") INNER JOIN "oauth2_provider_application" ON ("oauth2_provider_accesstoken"."application_id" = "oauth2_provider_application"."id") WHERE "oauth2_provider_accesstoken"."token" = 'yNMtKIzEraL8RH5G5atBn0Tx82GlGE'; args=('yNMtKIzEraL8RH5G5atBn0Tx82GlGE',)
[2016-11-30 21:23:45] DEBUG [django.db.backends:90] (0.001) SELECT "oauth2_provider_accesstoken"."id", "oauth2_provider_accesstoken"."user_id", "oauth2_provider_accesstoken"."token", "oauth2_provider_accesstoken"."application_id", "oauth2_provider_accesstoken"."expires", "oauth2_provider_accesstoken"."scope", "auths_user"."password", "auths_user"."last_login", "auths_user"."is_superuser", "auths_user"."username", "auths_user"."first_name", "auths_user"."last_name", "auths_user"."email", "auths_user"."is_staff", "auths_user"."is_active", "auths_user"."date_joined", "auths_user"."id", "auths_user"."last_hierarchy_id", "auths_user"."last_module_id", "auths_user"."person_id", "auths_user"."updated_at", "auths_user"."registered_by", "oauth2_provider_application"."id", "oauth2_provider_application"."client_id", "oauth2_provider_application"."user_id", "oauth2_provider_application"."redirect_uris", "oauth2_provider_application"."client_type", "oauth2_provider_application"."authorization_grant_type", "oauth2_provider_application"."client_secret", "oauth2_provider_application"."name", "oauth2_provider_application"."skip_authorization" FROM "oauth2_provider_accesstoken" LEFT OUTER JOIN "auths_user" ON ("oauth2_provider_accesstoken"."user_id" = "auths_user"."id") INNER JOIN "oauth2_provider_application" ON ("oauth2_provider_accesstoken"."application_id" = "oauth2_provider_application"."id") WHERE "oauth2_provider_accesstoken"."token" = 'yNMtKIzEraL8RH5G5atBn0Tx82GlGE'; args=('yNMtKIzEraL8RH5G5atBn0Tx82GlGE',)
[2016-11-30 21:23:45] DEBUG [django.db.backends:90] (0.000) SELECT "auths_menu"."id" FROM "auths_menu" WHERE ("auths_menu"."id" IS NOT NULL AND "auths_menu"."is_active" = 1 AND "auths_menu"."module" = 'BACKEND') ORDER BY "auths_menu"."pos" ASC; args=(True, 'BACKEND')
[2016-11-30 21:23:45] DEBUG [django.db.backends:90] (0.000) SELECT (1) AS "a" FROM "django_session" WHERE "django_session"."session_key" = 'lclip7qxn7dvszuuja9kjcssmvyhm8p9' LIMIT 1; args=('lclip7qxn7dvszuuja9kjcssmvyhm8p9',)
[2016-11-30 21:23:45] DEBUG [django.db.backends:90] (0.000) BEGIN; args=None
[2016-11-30 21:23:45] DEBUG [django.db.backends:90] (0.003) INSERT INTO "django_session" ("session_key", "session_data", "expire_date") SELECT 'lclip7qxn7dvszuuja9kjcssmvyhm8p9', 'Y2U1MDdhOTVhY2Y1M2EzOGYyOTc1YmE0OTQ4NTlmMWJkODNmMmEzMjp7Il9zZXNzaW9uX2V4cGlyeSI6MzB9', '2016-12-01 05:24:15.320699'; args=('lclip7qxn7dvszuuja9kjcssmvyhm8p9', 'Y2U1MDdhOTVhY2Y1M2EzOGYyOTc1YmE0OTQ4NTlmMWJkODNmMmEzMjp7Il9zZXNzaW9uX2V4cGlyeSI6MzB9', '2016-12-01 05:24:15.320699')
[2016-11-30 21:23:45] INFO [django.server:131] "GET /api/auths/usermenu/ HTTP/1.1" 200 11
[2016-11-30 21:30:54] DEBUG [django.db.backends:90] (0.001) SELECT "django_session"."session_key", "django_session"."session_data", "django_session"."expire_date" FROM "django_session" WHERE ("django_session"."expire_date" > '2016-12-01 05:30:54.636914' AND "django_session"."session_key" = 'figcln8g3oukkwuqylv6c0gc2bcu7o51'); args=('2016-12-01 05:30:54.636914', 'figcln8g3oukkwuqylv6c0gc2bcu7o51')
[2016-11-30 21:30:54] DEBUG [django.db.backends:90] (0.000) SELECT "auths_user"."password", "auths_user"."last_login", "auths_user"."is_superuser", "auths_user"."username", "auths_user"."first_name", "auths_user"."last_name", "auths_user"."email", "auths_user"."is_staff", "auths_user"."is_active", "auths_user"."date_joined", "auths_user"."id", "auths_user"."last_hierarchy_id", "auths_user"."last_module_id", "auths_user"."person_id", "auths_user"."updated_at", "auths_user"."registered_by" FROM "auths_user" WHERE "auths_user"."id" = '915b008a06b9406391807ca522830fca'; args=('915b008a06b9406391807ca522830fca',)
[2016-11-30 21:30:54] DEBUG [django.db.backends:90] (0.000) SELECT "django_session"."session_key", "django_session"."session_data", "django_session"."expire_date" FROM "django_session" WHERE "django_session"."session_key" = 'figcln8g3oukkwuqylv6c0gc2bcu7o51'; args=('figcln8g3oukkwuqylv6c0gc2bcu7o51',)
[2016-11-30 21:30:54] DEBUG [django.db.backends:90] (0.000) BEGIN; args=None
[2016-11-30 21:30:54] DEBUG [django.db.backends:90] (0.004) DELETE FROM "django_session" WHERE "django_session"."session_key" IN ('figcln8g3oukkwuqylv6c0gc2bcu7o51'); args=('figcln8g3oukkwuqylv6c0gc2bcu7o51',)
[2016-11-30 21:30:54] DEBUG [django.template:929] Exception while resolving variable 'is_popup' in template 'registration/logged_out.html'.
Traceback (most recent call last):
  File "D:\MCR\marketsoft\ve_mcr\lib\site-packages\django\template\base.py", line 885, in _resolve_lookup
    current = current[bit]
  File "D:\MCR\marketsoft\ve_mcr\lib\site-packages\django\template\context.py", line 75, in __getitem__
    raise KeyError(key)
KeyError: 'is_popup'

During handling of the above exception, another exception occurred:

Traceback (most recent call last):
  File "D:\MCR\marketsoft\ve_mcr\lib\site-packages\django\template\base.py", line 891, in _resolve_lookup
    if isinstance(current, BaseContext) and getattr(type(current), bit):
AttributeError: type object 'RequestContext' has no attribute 'is_popup'

During handling of the above exception, another exception occurred:

Traceback (most recent call last):
  File "D:\MCR\marketsoft\ve_mcr\lib\site-packages\django\template\base.py", line 900, in _resolve_lookup
    current = current[int(bit)]
ValueError: invalid literal for int() with base 10: 'is_popup'

During handling of the above exception, another exception occurred:

Traceback (most recent call last):
  File "D:\MCR\marketsoft\ve_mcr\lib\site-packages\django\template\base.py", line 907, in _resolve_lookup
    (bit, current))  # missing attribute
django.template.base.VariableDoesNotExist: Failed lookup for key [is_popup] in "[{'None': None, 'False': False, 'True': True}, {'user': <django.contrib.auth.models.AnonymousUser object at 0x0000023954B2D320>, 'DEFAULT_MESSAGE_LEVELS': {'DEBUG': 10, 'ERROR': 40, 'INFO': 20, 'WARNING': 30, 'SUCCESS': 25}, 'messages': <django.contrib.messages.storage.fallback.FallbackStorage object at 0x0000023954B2DC50>, 'perms': <django.contrib.auth.context_processors.PermWrapper object at 0x0000023954B1BEB8>, 'csrf_token': <SimpleLazyObject: <function csrf.<locals>._get_val at 0x0000023954B9F510>>, 'request': <WSGIRequest: GET '/admin/logout/'>}, {}, {'site_title': <django.utils.functional.lazy.<locals>.__proxy__ object at 0x0000023953832AC8>, 'site_url': '/', 'title': 'Logged out', 'available_apps': [{'name': <django.utils.functional.lazy.<locals>.__proxy__ object at 0x00000239537AA630>, 'app_label': 'auth', 'has_module_perms': True, 'app_url': '/admin/auth/', 'models': [{'perms': {'add': True, 'change': True, 'delete': True}, 'add_url': '/admin/auth/group/add/', 'name': <django.utils.functional.lazy.<locals>.__proxy__ object at 0x0000023954B2DE80>, 'object_name': 'Group', 'admin_url': '/admin/auth/group/'}, {'perms': {'add': True, 'change': True, 'delete': True}, 'add_url': '/admin/auth/permission/add/', 'name': <django.utils.functional.lazy.<locals>.__proxy__ object at 0x0000023954B2DD30>, 'object_name': 'Permission', 'admin_url': '/admin/auth/permission/'}]}, {'name': 'Auths', 'app_label': 'auths', 'has_module_perms': True, 'app_url': '/admin/auths/', 'models': [{'perms': {'add': True, 'change': True, 'delete': True}, 'add_url': '/admin/auths/hierarchytype/add/', 'name': <django.utils.functional.lazy.<locals>.__proxy__ object at 0x0000023954B2D748>, 'object_name': 'HierarchyType', 'admin_url': '/admin/auths/hierarchytype/'}, {'perms': {'add': True, 'change': True, 'delete': True}, 'add_url': '/admin/auths/hierarchy/add/', 'name': <django.utils.functional.lazy.<locals>.__proxy__ object at 0x0000023954B2D8D0>, 'object_name': 'Hierarchy', 'admin_url': '/admin/auths/hierarchy/'}, {'perms': {'add': True, 'change': True, 'delete': True}, 'add_url': '/admin/auths/menu/add/', 'name': <django.utils.functional.lazy.<locals>.__proxy__ object at 0x0000023954B2D710>, 'object_name': 'Menu', 'admin_url': '/admin/auths/menu/'}, {'perms': {'add': True, 'change': True, 'delete': True}, 'add_url': '/admin/auths/person/add/', 'name': <django.utils.functional.lazy.<locals>.__proxy__ object at 0x0000023954B2D630>, 'object_name': 'Person', 'admin_url': '/admin/auths/person/'}, {'perms': {'add': True, 'change': True, 'delete': True}, 'add_url': '/admin/auths/userhierarchygroup/add/', 'name': <django.utils.functional.lazy.<locals>.__proxy__ object at 0x0000023954B2DCF8>, 'object_name': 'UserHierarchyGroup', 'admin_url': '/admin/auths/userhierarchygroup/'}, {'perms': {'add': True, 'change': True, 'delete': True}, 'add_url': '/admin/auths/userhierarchypermission/add/', 'name': <django.utils.functional.lazy.<locals>.__proxy__ object at 0x0000023954B2D9B0>, 'object_name': 'UserHierarchyPermission', 'admin_url': '/admin/auths/userhierarchypermission/'}, {'perms': {'add': True, 'change': True, 'delete': True}, 'add_url': '/admin/auths/user/add/', 'name': <django.utils.functional.lazy.<locals>.__proxy__ object at 0x0000023954B2DEB8>, 'object_name': 'User', 'admin_url': '/admin/auths/user/'}]}, {'name': <django.utils.functional.lazy.<locals>.__proxy__ object at 0x000002395384C9E8>, 'app_label': 'contenttypes', 'has_module_perms': True, 'app_url': '/admin/contenttypes/', 'models': [{'perms': {'add': True, 'change': True, 'delete': True}, 'add_url': '/admin/contenttypes/contenttype/add/', 'name': <django.utils.functional.lazy.<locals>.__proxy__ object at 0x0000023954B2DFD0>, 'object_name': 'ContentType', 'admin_url': '/admin/contenttypes/contenttype/'}]}, {'name': 'Django OAuth Toolkit', 'app_label': 'oauth2_provider', 'has_module_perms': True, 'app_url': '/admin/oauth2_provider/', 'models': [{'perms': {'add': True, 'change': True, 'delete': True}, 'add_url': '/admin/oauth2_provider/accesstoken/add/', 'name': <django.utils.functional.lazy.<locals>.__proxy__ object at 0x0000023954B2D6A0>, 'object_name': 'AccessToken', 'admin_url': '/admin/oauth2_provider/accesstoken/'}, {'perms': {'add': True, 'change': True, 'delete': True}, 'add_url': '/admin/oauth2_provider/application/add/', 'name': <django.utils.functional.lazy.<locals>.__proxy__ object at 0x0000023954B2DF28>, 'object_name': 'Application', 'admin_url': '/admin/oauth2_provider/application/'}, {'perms': {'add': True, 'change': True, 'delete': True}, 'add_url': '/admin/oauth2_provider/grant/add/', 'name': <django.utils.functional.lazy.<locals>.__proxy__ object at 0x0000023954B2D6D8>, 'object_name': 'Grant', 'admin_url': '/admin/oauth2_provider/grant/'}, {'perms': {'add': True, 'change': True, 'delete': True}, 'add_url': '/admin/oauth2_provider/refreshtoken/add/', 'name': <django.utils.functional.lazy.<locals>.__proxy__ object at 0x0000023954B2DC18>, 'object_name': 'RefreshToken', 'admin_url': '/admin/oauth2_provider/refreshtoken/'}]}, {'name': 'Registro', 'app_label': 'registro', 'has_module_perms': True, 'app_url': '/admin/registro/', 'models': [{'perms': {'add': True, 'change': True, 'delete': True}, 'add_url': '/admin/registro/cliente/add/', 'name': 'Clientes', 'object_name': 'Cliente', 'admin_url': '/admin/registro/cliente/'}, {'perms': {'add': True, 'change': True, 'delete': True}, 'add_url': '/admin/registro/distribuidor/add/', 'name': <django.utils.functional.lazy.<locals>.__proxy__ object at 0x0000023954B2D978>, 'object_name': 'Distribuidor', 'admin_url': '/admin/registro/distribuidor/'}, {'perms': {'add': True, 'change': True, 'delete': True}, 'add_url': '/admin/registro/marca/add/', 'name': <django.utils.functional.lazy.<locals>.__proxy__ object at 0x0000023954B2DDD8>, 'object_name': 'Marca', 'admin_url': '/admin/registro/marca/'}, {'perms': {'add': True, 'change': True, 'delete': True}, 'add_url': '/admin/registro/producto/add/', 'name': <django.utils.functional.lazy.<locals>.__proxy__ object at 0x0000023954B2DD68>, 'object_name': 'Producto', 'admin_url': '/admin/registro/producto/'}]}], 'LANGUAGE_BIDI': False, 'has_permission': False, 'site_header': <django.utils.functional.lazy.<locals>.__proxy__ object at 0x0000023953832B70>, 'LANGUAGE_CODE': 'en-us', 'site_name': 'localhost:9000', 'site': <django.contrib.sites.requests.RequestSite object at 0x0000023954B2DBE0>}]"
[2016-11-30 21:30:54] DEBUG [django.template:929] Exception while resolving variable 'is_popup' in template 'registration/logged_out.html'.
Traceback (most recent call last):
  File "D:\MCR\marketsoft\ve_mcr\lib\site-packages\django\template\base.py", line 885, in _resolve_lookup
    current = current[bit]
  File "D:\MCR\marketsoft\ve_mcr\lib\site-packages\django\template\context.py", line 75, in __getitem__
    raise KeyError(key)
KeyError: 'is_popup'

During handling of the above exception, another exception occurred:

Traceback (most recent call last):
  File "D:\MCR\marketsoft\ve_mcr\lib\site-packages\django\template\base.py", line 891, in _resolve_lookup
    if isinstance(current, BaseContext) and getattr(type(current), bit):
AttributeError: type object 'RequestContext' has no attribute 'is_popup'

During handling of the above exception, another exception occurred:

Traceback (most recent call last):
  File "D:\MCR\marketsoft\ve_mcr\lib\site-packages\django\template\base.py", line 900, in _resolve_lookup
    current = current[int(bit)]
ValueError: invalid literal for int() with base 10: 'is_popup'

During handling of the above exception, another exception occurred:

Traceback (most recent call last):
  File "D:\MCR\marketsoft\ve_mcr\lib\site-packages\django\template\base.py", line 907, in _resolve_lookup
    (bit, current))  # missing attribute
django.template.base.VariableDoesNotExist: Failed lookup for key [is_popup] in "[{'None': None, 'False': False, 'True': True}, {'user': <django.contrib.auth.models.AnonymousUser object at 0x0000023954B2D320>, 'DEFAULT_MESSAGE_LEVELS': {'DEBUG': 10, 'ERROR': 40, 'INFO': 20, 'WARNING': 30, 'SUCCESS': 25}, 'messages': <django.contrib.messages.storage.fallback.FallbackStorage object at 0x0000023954B2DC50>, 'perms': <django.contrib.auth.context_processors.PermWrapper object at 0x0000023954B1BEB8>, 'csrf_token': <SimpleLazyObject: <function csrf.<locals>._get_val at 0x0000023954B9F510>>, 'request': <WSGIRequest: GET '/admin/logout/'>}, {}, {'site_title': <django.utils.functional.lazy.<locals>.__proxy__ object at 0x0000023953832AC8>, 'site_url': '/', 'title': 'Logged out', 'available_apps': [{'name': <django.utils.functional.lazy.<locals>.__proxy__ object at 0x00000239537AA630>, 'app_label': 'auth', 'has_module_perms': True, 'app_url': '/admin/auth/', 'models': [{'perms': {'add': True, 'change': True, 'delete': True}, 'add_url': '/admin/auth/group/add/', 'name': <django.utils.functional.lazy.<locals>.__proxy__ object at 0x0000023954B2DE80>, 'object_name': 'Group', 'admin_url': '/admin/auth/group/'}, {'perms': {'add': True, 'change': True, 'delete': True}, 'add_url': '/admin/auth/permission/add/', 'name': <django.utils.functional.lazy.<locals>.__proxy__ object at 0x0000023954B2DD30>, 'object_name': 'Permission', 'admin_url': '/admin/auth/permission/'}]}, {'name': 'Auths', 'app_label': 'auths', 'has_module_perms': True, 'app_url': '/admin/auths/', 'models': [{'perms': {'add': True, 'change': True, 'delete': True}, 'add_url': '/admin/auths/hierarchytype/add/', 'name': <django.utils.functional.lazy.<locals>.__proxy__ object at 0x0000023954B2D748>, 'object_name': 'HierarchyType', 'admin_url': '/admin/auths/hierarchytype/'}, {'perms': {'add': True, 'change': True, 'delete': True}, 'add_url': '/admin/auths/hierarchy/add/', 'name': <django.utils.functional.lazy.<locals>.__proxy__ object at 0x0000023954B2D8D0>, 'object_name': 'Hierarchy', 'admin_url': '/admin/auths/hierarchy/'}, {'perms': {'add': True, 'change': True, 'delete': True}, 'add_url': '/admin/auths/menu/add/', 'name': <django.utils.functional.lazy.<locals>.__proxy__ object at 0x0000023954B2D710>, 'object_name': 'Menu', 'admin_url': '/admin/auths/menu/'}, {'perms': {'add': True, 'change': True, 'delete': True}, 'add_url': '/admin/auths/person/add/', 'name': <django.utils.functional.lazy.<locals>.__proxy__ object at 0x0000023954B2D630>, 'object_name': 'Person', 'admin_url': '/admin/auths/person/'}, {'perms': {'add': True, 'change': True, 'delete': True}, 'add_url': '/admin/auths/userhierarchygroup/add/', 'name': <django.utils.functional.lazy.<locals>.__proxy__ object at 0x0000023954B2DCF8>, 'object_name': 'UserHierarchyGroup', 'admin_url': '/admin/auths/userhierarchygroup/'}, {'perms': {'add': True, 'change': True, 'delete': True}, 'add_url': '/admin/auths/userhierarchypermission/add/', 'name': <django.utils.functional.lazy.<locals>.__proxy__ object at 0x0000023954B2D9B0>, 'object_name': 'UserHierarchyPermission', 'admin_url': '/admin/auths/userhierarchypermission/'}, {'perms': {'add': True, 'change': True, 'delete': True}, 'add_url': '/admin/auths/user/add/', 'name': <django.utils.functional.lazy.<locals>.__proxy__ object at 0x0000023954B2DEB8>, 'object_name': 'User', 'admin_url': '/admin/auths/user/'}]}, {'name': <django.utils.functional.lazy.<locals>.__proxy__ object at 0x000002395384C9E8>, 'app_label': 'contenttypes', 'has_module_perms': True, 'app_url': '/admin/contenttypes/', 'models': [{'perms': {'add': True, 'change': True, 'delete': True}, 'add_url': '/admin/contenttypes/contenttype/add/', 'name': <django.utils.functional.lazy.<locals>.__proxy__ object at 0x0000023954B2DFD0>, 'object_name': 'ContentType', 'admin_url': '/admin/contenttypes/contenttype/'}]}, {'name': 'Django OAuth Toolkit', 'app_label': 'oauth2_provider', 'has_module_perms': True, 'app_url': '/admin/oauth2_provider/', 'models': [{'perms': {'add': True, 'change': True, 'delete': True}, 'add_url': '/admin/oauth2_provider/accesstoken/add/', 'name': <django.utils.functional.lazy.<locals>.__proxy__ object at 0x0000023954B2D6A0>, 'object_name': 'AccessToken', 'admin_url': '/admin/oauth2_provider/accesstoken/'}, {'perms': {'add': True, 'change': True, 'delete': True}, 'add_url': '/admin/oauth2_provider/application/add/', 'name': <django.utils.functional.lazy.<locals>.__proxy__ object at 0x0000023954B2DF28>, 'object_name': 'Application', 'admin_url': '/admin/oauth2_provider/application/'}, {'perms': {'add': True, 'change': True, 'delete': True}, 'add_url': '/admin/oauth2_provider/grant/add/', 'name': <django.utils.functional.lazy.<locals>.__proxy__ object at 0x0000023954B2D6D8>, 'object_name': 'Grant', 'admin_url': '/admin/oauth2_provider/grant/'}, {'perms': {'add': True, 'change': True, 'delete': True}, 'add_url': '/admin/oauth2_provider/refreshtoken/add/', 'name': <django.utils.functional.lazy.<locals>.__proxy__ object at 0x0000023954B2DC18>, 'object_name': 'RefreshToken', 'admin_url': '/admin/oauth2_provider/refreshtoken/'}]}, {'name': 'Registro', 'app_label': 'registro', 'has_module_perms': True, 'app_url': '/admin/registro/', 'models': [{'perms': {'add': True, 'change': True, 'delete': True}, 'add_url': '/admin/registro/cliente/add/', 'name': 'Clientes', 'object_name': 'Cliente', 'admin_url': '/admin/registro/cliente/'}, {'perms': {'add': True, 'change': True, 'delete': True}, 'add_url': '/admin/registro/distribuidor/add/', 'name': <django.utils.functional.lazy.<locals>.__proxy__ object at 0x0000023954B2D978>, 'object_name': 'Distribuidor', 'admin_url': '/admin/registro/distribuidor/'}, {'perms': {'add': True, 'change': True, 'delete': True}, 'add_url': '/admin/registro/marca/add/', 'name': <django.utils.functional.lazy.<locals>.__proxy__ object at 0x0000023954B2DDD8>, 'object_name': 'Marca', 'admin_url': '/admin/registro/marca/'}, {'perms': {'add': True, 'change': True, 'delete': True}, 'add_url': '/admin/registro/producto/add/', 'name': <django.utils.functional.lazy.<locals>.__proxy__ object at 0x0000023954B2DD68>, 'object_name': 'Producto', 'admin_url': '/admin/registro/producto/'}]}], 'LANGUAGE_BIDI': False, 'has_permission': False, 'site_header': <django.utils.functional.lazy.<locals>.__proxy__ object at 0x0000023953832B70>, 'LANGUAGE_CODE': 'en-us', 'site_name': 'localhost:9000', 'site': <django.contrib.sites.requests.RequestSite object at 0x0000023954B2DBE0>}]"
[2016-11-30 21:30:54] INFO [django.server:131] "GET /admin/logout/ HTTP/1.1" 200 1015
[2016-11-30 21:30:54] INFO [django.server:131] "GET /static/admin/css/fonts.css HTTP/1.1" 304 0
[2016-11-30 21:30:55] INFO [django.server:131] "GET /static/admin/fonts/Roboto-Light-webfont.woff HTTP/1.1" 304 0
[2016-11-30 21:30:55] INFO [django.server:131] "GET /static/admin/fonts/Roboto-Regular-webfont.woff HTTP/1.1" 304 0
[2016-11-30 21:30:57] INFO [django.server:131] "GET /admin/ HTTP/1.1" 302 0
[2016-11-30 21:30:58] DEBUG [django.template:929] Exception while resolving variable 'is_popup' in template 'admin/login.html'.
Traceback (most recent call last):
  File "D:\MCR\marketsoft\ve_mcr\lib\site-packages\django\template\base.py", line 885, in _resolve_lookup
    current = current[bit]
  File "D:\MCR\marketsoft\ve_mcr\lib\site-packages\django\template\context.py", line 75, in __getitem__
    raise KeyError(key)
KeyError: 'is_popup'

During handling of the above exception, another exception occurred:

Traceback (most recent call last):
  File "D:\MCR\marketsoft\ve_mcr\lib\site-packages\django\template\base.py", line 891, in _resolve_lookup
    if isinstance(current, BaseContext) and getattr(type(current), bit):
AttributeError: type object 'RequestContext' has no attribute 'is_popup'

During handling of the above exception, another exception occurred:

Traceback (most recent call last):
  File "D:\MCR\marketsoft\ve_mcr\lib\site-packages\django\template\base.py", line 900, in _resolve_lookup
    current = current[int(bit)]
ValueError: invalid literal for int() with base 10: 'is_popup'

During handling of the above exception, another exception occurred:

Traceback (most recent call last):
  File "D:\MCR\marketsoft\ve_mcr\lib\site-packages\django\template\base.py", line 907, in _resolve_lookup
    (bit, current))  # missing attribute
django.template.base.VariableDoesNotExist: Failed lookup for key [is_popup] in "[{'None': None, 'False': False, 'True': True}, {'user': <SimpleLazyObject: <django.contrib.auth.models.AnonymousUser object at 0x0000023954B28358>>, 'DEFAULT_MESSAGE_LEVELS': {'DEBUG': 10, 'ERROR': 40, 'INFO': 20, 'WARNING': 30, 'SUCCESS': 25}, 'messages': <django.contrib.messages.storage.fallback.FallbackStorage object at 0x0000023954B28D68>, 'perms': <django.contrib.auth.context_processors.PermWrapper object at 0x0000023954B1BEB8>, 'csrf_token': <SimpleLazyObject: <function csrf.<locals>._get_val at 0x00000239549E79D8>>, 'request': <WSGIRequest: GET '/admin/login/?next=/admin/'>}, {}, {'username': '', 'site_title': <django.utils.functional.lazy.<locals>.__proxy__ object at 0x0000023953832AC8>, 'site_url': '/', 'title': 'Log in', 'available_apps': [], 'LANGUAGE_BIDI': False, 'has_permission': False, 'site_header': <django.utils.functional.lazy.<locals>.__proxy__ object at 0x0000023953832B70>, 'LANGUAGE_CODE': 'en-us', 'form': <AdminAuthenticationForm bound=False, valid=Unknown, fields=(username;password)>, 'site_name': 'localhost:9000', 'app_path': '/admin/login/?next=/admin/', 'next': '/admin/', 'site': <django.contrib.sites.requests.RequestSite object at 0x0000023954A8C470>}]"
[2016-11-30 21:30:58] DEBUG [django.template:929] Exception while resolving variable 'is_popup' in template 'admin/login.html'.
Traceback (most recent call last):
  File "D:\MCR\marketsoft\ve_mcr\lib\site-packages\django\template\base.py", line 885, in _resolve_lookup
    current = current[bit]
  File "D:\MCR\marketsoft\ve_mcr\lib\site-packages\django\template\context.py", line 75, in __getitem__
    raise KeyError(key)
KeyError: 'is_popup'

During handling of the above exception, another exception occurred:

Traceback (most recent call last):
  File "D:\MCR\marketsoft\ve_mcr\lib\site-packages\django\template\base.py", line 891, in _resolve_lookup
    if isinstance(current, BaseContext) and getattr(type(current), bit):
AttributeError: type object 'RequestContext' has no attribute 'is_popup'

During handling of the above exception, another exception occurred:

Traceback (most recent call last):
  File "D:\MCR\marketsoft\ve_mcr\lib\site-packages\django\template\base.py", line 900, in _resolve_lookup
    current = current[int(bit)]
ValueError: invalid literal for int() with base 10: 'is_popup'

During handling of the above exception, another exception occurred:

Traceback (most recent call last):
  File "D:\MCR\marketsoft\ve_mcr\lib\site-packages\django\template\base.py", line 907, in _resolve_lookup
    (bit, current))  # missing attribute
django.template.base.VariableDoesNotExist: Failed lookup for key [is_popup] in "[{'None': None, 'False': False, 'True': True}, {'user': <SimpleLazyObject: <django.contrib.auth.models.AnonymousUser object at 0x0000023954B28358>>, 'DEFAULT_MESSAGE_LEVELS': {'DEBUG': 10, 'ERROR': 40, 'INFO': 20, 'WARNING': 30, 'SUCCESS': 25}, 'messages': <django.contrib.messages.storage.fallback.FallbackStorage object at 0x0000023954B28D68>, 'perms': <django.contrib.auth.context_processors.PermWrapper object at 0x0000023954B1BEB8>, 'csrf_token': <SimpleLazyObject: <function csrf.<locals>._get_val at 0x00000239549E79D8>>, 'request': <WSGIRequest: GET '/admin/login/?next=/admin/'>}, {}, {'username': '', 'site_title': <django.utils.functional.lazy.<locals>.__proxy__ object at 0x0000023953832AC8>, 'site_url': '/', 'title': 'Log in', 'available_apps': [], 'LANGUAGE_BIDI': False, 'has_permission': False, 'site_header': <django.utils.functional.lazy.<locals>.__proxy__ object at 0x0000023953832B70>, 'LANGUAGE_CODE': 'en-us', 'form': <AdminAuthenticationForm bound=False, valid=Unknown, fields=(username;password)>, 'site_name': 'localhost:9000', 'app_path': '/admin/login/?next=/admin/', 'next': '/admin/', 'site': <django.contrib.sites.requests.RequestSite object at 0x0000023954A8C470>}]"
[2016-11-30 21:30:58] INFO [django.server:131] "GET /admin/login/?next=/admin/ HTTP/1.1" 200 1658
[2016-11-30 21:30:58] INFO [django.server:131] "GET /static/admin/css/login.css HTTP/1.1" 200 1203
[2016-11-30 21:31:04] DEBUG [django.db.backends:90] (0.002) SELECT "auths_user"."password", "auths_user"."last_login", "auths_user"."is_superuser", "auths_user"."username", "auths_user"."first_name", "auths_user"."last_name", "auths_user"."email", "auths_user"."is_staff", "auths_user"."is_active", "auths_user"."date_joined", "auths_user"."id", "auths_user"."last_hierarchy_id", "auths_user"."last_module_id", "auths_user"."person_id", "auths_user"."updated_at", "auths_user"."registered_by" FROM "auths_user" WHERE "auths_user"."username" = 'admin'; args=('admin',)
[2016-11-30 21:31:04] DEBUG [django.db.backends:90] (0.000) SELECT (1) AS "a" FROM "django_session" WHERE "django_session"."session_key" = 'okmj2da1bsbxzj817r5fqrynmr9jp3rd' LIMIT 1; args=('okmj2da1bsbxzj817r5fqrynmr9jp3rd',)
[2016-11-30 21:31:04] DEBUG [django.db.backends:90] (0.001) BEGIN; args=None
[2016-11-30 21:31:04] DEBUG [django.db.backends:90] (0.001) INSERT INTO "django_session" ("session_key", "session_data", "expire_date") SELECT 'okmj2da1bsbxzj817r5fqrynmr9jp3rd', 'ZDkwMGVmZTE5NTAzOWJmMjIyMDgzNWY4YmI1YjQyODcwOGRmYzhiNDp7fQ==', '2016-12-15 05:31:04.677749'; args=('okmj2da1bsbxzj817r5fqrynmr9jp3rd', 'ZDkwMGVmZTE5NTAzOWJmMjIyMDgzNWY4YmI1YjQyODcwOGRmYzhiNDp7fQ==', '2016-12-15 05:31:04.677749')
[2016-11-30 21:31:04] DEBUG [django.db.backends:90] (0.000) BEGIN; args=None
[2016-11-30 21:31:04] DEBUG [django.db.backends:90] (0.000) UPDATE "auths_user" SET "last_login" = '2016-12-01 05:31:04.690284' WHERE "auths_user"."id" = '915b008a06b9406391807ca522830fca'; args=('2016-12-01 05:31:04.690284', '915b008a06b9406391807ca522830fca')
[2016-11-30 21:31:04] DEBUG [django.db.backends:90] (0.000) BEGIN; args=None
[2016-11-30 21:31:04] DEBUG [django.db.backends:90] (0.002) UPDATE "django_session" SET "session_data" = 'YTliOGRmNzI1MzdjYjAzMmU4ODNjYjVhZTU0ODRhMzY0NDNjNDkyMTp7Il9hdXRoX3VzZXJfYmFja2VuZCI6ImRqYW5nby5jb250cmliLmF1dGguYmFja2VuZHMuTW9kZWxCYWNrZW5kIiwiX2F1dGhfdXNlcl9pZCI6IjkxNWIwMDhhLTA2YjktNDA2My05MTgwLTdjYTUyMjgzMGZjYSIsIl9hdXRoX3VzZXJfaGFzaCI6IjUwMmE3NWVlYTU4MTZiMWJkZThhMmJmYTg2NDcwYTJhNGIyYzMxY2QifQ==', "expire_date" = '2016-12-15 05:31:04.708305' WHERE "django_session"."session_key" = 'okmj2da1bsbxzj817r5fqrynmr9jp3rd'; args=('YTliOGRmNzI1MzdjYjAzMmU4ODNjYjVhZTU0ODRhMzY0NDNjNDkyMTp7Il9hdXRoX3VzZXJfYmFja2VuZCI6ImRqYW5nby5jb250cmliLmF1dGguYmFja2VuZHMuTW9kZWxCYWNrZW5kIiwiX2F1dGhfdXNlcl9pZCI6IjkxNWIwMDhhLTA2YjktNDA2My05MTgwLTdjYTUyMjgzMGZjYSIsIl9hdXRoX3VzZXJfaGFzaCI6IjUwMmE3NWVlYTU4MTZiMWJkZThhMmJmYTg2NDcwYTJhNGIyYzMxY2QifQ==', '2016-12-15 05:31:04.708305', 'okmj2da1bsbxzj817r5fqrynmr9jp3rd')
[2016-11-30 21:31:04] INFO [django.server:131] "POST /admin/login/?next=/admin/ HTTP/1.1" 302 0
[2016-11-30 21:31:04] DEBUG [django.db.backends:90] (0.001) SELECT "django_session"."session_key", "django_session"."session_data", "django_session"."expire_date" FROM "django_session" WHERE ("django_session"."expire_date" > '2016-12-01 05:31:04.727823' AND "django_session"."session_key" = 'okmj2da1bsbxzj817r5fqrynmr9jp3rd'); args=('2016-12-01 05:31:04.727823', 'okmj2da1bsbxzj817r5fqrynmr9jp3rd')
[2016-11-30 21:31:04] DEBUG [django.db.backends:90] (0.000) SELECT "auths_user"."password", "auths_user"."last_login", "auths_user"."is_superuser", "auths_user"."username", "auths_user"."first_name", "auths_user"."last_name", "auths_user"."email", "auths_user"."is_staff", "auths_user"."is_active", "auths_user"."date_joined", "auths_user"."id", "auths_user"."last_hierarchy_id", "auths_user"."last_module_id", "auths_user"."person_id", "auths_user"."updated_at", "auths_user"."registered_by" FROM "auths_user" WHERE "auths_user"."id" = '915b008a06b9406391807ca522830fca'; args=('915b008a06b9406391807ca522830fca',)
[2016-11-30 21:31:04] DEBUG [django.template:929] Exception while resolving variable 'is_popup' in template 'admin/index.html'.
Traceback (most recent call last):
  File "D:\MCR\marketsoft\ve_mcr\lib\site-packages\django\template\base.py", line 885, in _resolve_lookup
    current = current[bit]
  File "D:\MCR\marketsoft\ve_mcr\lib\site-packages\django\template\context.py", line 75, in __getitem__
    raise KeyError(key)
KeyError: 'is_popup'

During handling of the above exception, another exception occurred:

Traceback (most recent call last):
  File "D:\MCR\marketsoft\ve_mcr\lib\site-packages\django\template\base.py", line 891, in _resolve_lookup
    if isinstance(current, BaseContext) and getattr(type(current), bit):
AttributeError: type object 'RequestContext' has no attribute 'is_popup'

During handling of the above exception, another exception occurred:

Traceback (most recent call last):
  File "D:\MCR\marketsoft\ve_mcr\lib\site-packages\django\template\base.py", line 900, in _resolve_lookup
    current = current[int(bit)]
ValueError: invalid literal for int() with base 10: 'is_popup'

During handling of the above exception, another exception occurred:

Traceback (most recent call last):
  File "D:\MCR\marketsoft\ve_mcr\lib\site-packages\django\template\base.py", line 907, in _resolve_lookup
    (bit, current))  # missing attribute
django.template.base.VariableDoesNotExist: Failed lookup for key [is_popup] in "[{'None': None, 'False': False, 'True': True}, {'user': <SimpleLazyObject: <User: admin>>, 'DEFAULT_MESSAGE_LEVELS': {'DEBUG': 10, 'ERROR': 40, 'INFO': 20, 'WARNING': 30, 'SUCCESS': 25}, 'messages': <django.contrib.messages.storage.fallback.FallbackStorage object at 0x0000023954B12320>, 'perms': <django.contrib.auth.context_processors.PermWrapper object at 0x0000023954B6FB38>, 'csrf_token': <SimpleLazyObject: <function csrf.<locals>._get_val at 0x0000023953318840>>, 'request': <WSGIRequest: GET '/admin/'>}, {}, {'site_title': <django.utils.functional.lazy.<locals>.__proxy__ object at 0x0000023953832AC8>, 'has_permission': True, 'site_header': <django.utils.functional.lazy.<locals>.__proxy__ object at 0x0000023953832B70>, 'LANGUAGE_BIDI': False, 'LANGUAGE_CODE': 'en-us', 'site_url': '/', 'title': <django.utils.functional.lazy.<locals>.__proxy__ object at 0x000002395379DCF8>, 'available_apps': [{'name': <django.utils.functional.lazy.<locals>.__proxy__ object at 0x00000239537AA630>, 'app_label': 'auth', 'has_module_perms': True, 'app_url': '/admin/auth/', 'models': [{'perms': {'add': True, 'change': True, 'delete': True}, 'add_url': '/admin/auth/group/add/', 'name': <django.utils.functional.lazy.<locals>.__proxy__ object at 0x0000023954B0DBE0>, 'object_name': 'Group', 'admin_url': '/admin/auth/group/'}, {'perms': {'add': True, 'change': True, 'delete': True}, 'add_url': '/admin/auth/permission/add/', 'name': <django.utils.functional.lazy.<locals>.__proxy__ object at 0x0000023954B0DAC8>, 'object_name': 'Permission', 'admin_url': '/admin/auth/permission/'}]}, {'name': 'Auths', 'app_label': 'auths', 'has_module_perms': True, 'app_url': '/admin/auths/', 'models': [{'perms': {'add': True, 'change': True, 'delete': True}, 'add_url': '/admin/auths/hierarchytype/add/', 'name': <django.utils.functional.lazy.<locals>.__proxy__ object at 0x0000023954B0D9E8>, 'object_name': 'HierarchyType', 'admin_url': '/admin/auths/hierarchytype/'}, {'perms': {'add': True, 'change': True, 'delete': True}, 'add_url': '/admin/auths/hierarchy/add/', 'name': <django.utils.functional.lazy.<locals>.__proxy__ object at 0x0000023954B0D630>, 'object_name': 'Hierarchy', 'admin_url': '/admin/auths/hierarchy/'}, {'perms': {'add': True, 'change': True, 'delete': True}, 'add_url': '/admin/auths/menu/add/', 'name': <django.utils.functional.lazy.<locals>.__proxy__ object at 0x0000023954B0DC50>, 'object_name': 'Menu', 'admin_url': '/admin/auths/menu/'}, {'perms': {'add': True, 'change': True, 'delete': True}, 'add_url': '/admin/auths/person/add/', 'name': <django.utils.functional.lazy.<locals>.__proxy__ object at 0x0000023954B0DB70>, 'object_name': 'Person', 'admin_url': '/admin/auths/person/'}, {'perms': {'add': True, 'change': True, 'delete': True}, 'add_url': '/admin/auths/userhierarchygroup/add/', 'name': <django.utils.functional.lazy.<locals>.__proxy__ object at 0x0000023954B0DB00>, 'object_name': 'UserHierarchyGroup', 'admin_url': '/admin/auths/userhierarchygroup/'}, {'perms': {'add': True, 'change': True, 'delete': True}, 'add_url': '/admin/auths/userhierarchypermission/add/', 'name': <django.utils.functional.lazy.<locals>.__proxy__ object at 0x0000023954B0D7F0>, 'object_name': 'UserHierarchyPermission', 'admin_url': '/admin/auths/userhierarchypermission/'}, {'perms': {'add': True, 'change': True, 'delete': True}, 'add_url': '/admin/auths/user/add/', 'name': <django.utils.functional.lazy.<locals>.__proxy__ object at 0x0000023954B0D048>, 'object_name': 'User', 'admin_url': '/admin/auths/user/'}]}, {'name': <django.utils.functional.lazy.<locals>.__proxy__ object at 0x000002395384C9E8>, 'app_label': 'contenttypes', 'has_module_perms': True, 'app_url': '/admin/contenttypes/', 'models': [{'perms': {'add': True, 'change': True, 'delete': True}, 'add_url': '/admin/contenttypes/contenttype/add/', 'name': <django.utils.functional.lazy.<locals>.__proxy__ object at 0x0000023954B0DC18>, 'object_name': 'ContentType', 'admin_url': '/admin/contenttypes/contenttype/'}]}, {'name': 'Django OAuth Toolkit', 'app_label': 'oauth2_provider', 'has_module_perms': True, 'app_url': '/admin/oauth2_provider/', 'models': [{'perms': {'add': True, 'change': True, 'delete': True}, 'add_url': '/admin/oauth2_provider/accesstoken/add/', 'name': <django.utils.functional.lazy.<locals>.__proxy__ object at 0x0000023954B0D080>, 'object_name': 'AccessToken', 'admin_url': '/admin/oauth2_provider/accesstoken/'}, {'perms': {'add': True, 'change': True, 'delete': True}, 'add_url': '/admin/oauth2_provider/application/add/', 'name': <django.utils.functional.lazy.<locals>.__proxy__ object at 0x0000023954B0D978>, 'object_name': 'Application', 'admin_url': '/admin/oauth2_provider/application/'}, {'perms': {'add': True, 'change': True, 'delete': True}, 'add_url': '/admin/oauth2_provider/grant/add/', 'name': <django.utils.functional.lazy.<locals>.__proxy__ object at 0x0000023954B0DB38>, 'object_name': 'Grant', 'admin_url': '/admin/oauth2_provider/grant/'}, {'perms': {'add': True, 'change': True, 'delete': True}, 'add_url': '/admin/oauth2_provider/refreshtoken/add/', 'name': <django.utils.functional.lazy.<locals>.__proxy__ object at 0x0000023954B0DFD0>, 'object_name': 'RefreshToken', 'admin_url': '/admin/oauth2_provider/refreshtoken/'}]}, {'name': 'Registro', 'app_label': 'registro', 'has_module_perms': True, 'app_url': '/admin/registro/', 'models': [{'perms': {'add': True, 'change': True, 'delete': True}, 'add_url': '/admin/registro/cliente/add/', 'name': 'Clientes', 'object_name': 'Cliente', 'admin_url': '/admin/registro/cliente/'}, {'perms': {'add': True, 'change': True, 'delete': True}, 'add_url': '/admin/registro/distribuidor/add/', 'name': <django.utils.functional.lazy.<locals>.__proxy__ object at 0x0000023954B0D160>, 'object_name': 'Distribuidor', 'admin_url': '/admin/registro/distribuidor/'}, {'perms': {'add': True, 'change': True, 'delete': True}, 'add_url': '/admin/registro/marca/add/', 'name': <django.utils.functional.lazy.<locals>.__proxy__ object at 0x0000023954B0DBA8>, 'object_name': 'Marca', 'admin_url': '/admin/registro/marca/'}, {'perms': {'add': True, 'change': True, 'delete': True}, 'add_url': '/admin/registro/producto/add/', 'name': <django.utils.functional.lazy.<locals>.__proxy__ object at 0x0000023954B0DCC0>, 'object_name': 'Producto', 'admin_url': '/admin/registro/producto/'}]}], 'app_list': [{'name': <django.utils.functional.lazy.<locals>.__proxy__ object at 0x00000239537AA630>, 'app_label': 'auth', 'has_module_perms': True, 'app_url': '/admin/auth/', 'models': [{'perms': {'add': True, 'change': True, 'delete': True}, 'add_url': '/admin/auth/group/add/', 'name': <django.utils.functional.lazy.<locals>.__proxy__ object at 0x0000023954B0B9E8>, 'object_name': 'Group', 'admin_url': '/admin/auth/group/'}, {'perms': {'add': True, 'change': True, 'delete': True}, 'add_url': '/admin/auth/permission/add/', 'name': <django.utils.functional.lazy.<locals>.__proxy__ object at 0x0000023954B31630>, 'object_name': 'Permission', 'admin_url': '/admin/auth/permission/'}]}, {'name': 'Auths', 'app_label': 'auths', 'has_module_perms': True, 'app_url': '/admin/auths/', 'models': [{'perms': {'add': True, 'change': True, 'delete': True}, 'add_url': '/admin/auths/hierarchytype/add/', 'name': <django.utils.functional.lazy.<locals>.__proxy__ object at 0x0000023954B15080>, 'object_name': 'HierarchyType', 'admin_url': '/admin/auths/hierarchytype/'}, {'perms': {'add': True, 'change': True, 'delete': True}, 'add_url': '/admin/auths/hierarchy/add/', 'name': <django.utils.functional.lazy.<locals>.__proxy__ object at 0x0000023954B0BFD0>, 'object_name': 'Hierarchy', 'admin_url': '/admin/auths/hierarchy/'}, {'perms': {'add': True, 'change': True, 'delete': True}, 'add_url': '/admin/auths/menu/add/', 'name': <django.utils.functional.lazy.<locals>.__proxy__ object at 0x0000023954B0B710>, 'object_name': 'Menu', 'admin_url': '/admin/auths/menu/'}, {'perms': {'add': True, 'change': True, 'delete': True}, 'add_url': '/admin/auths/person/add/', 'name': <django.utils.functional.lazy.<locals>.__proxy__ object at 0x0000023954B0B0B8>, 'object_name': 'Person', 'admin_url': '/admin/auths/person/'}, {'perms': {'add': True, 'change': True, 'delete': True}, 'add_url': '/admin/auths/userhierarchygroup/add/', 'name': <django.utils.functional.lazy.<locals>.__proxy__ object at 0x0000023954B31CF8>, 'object_name': 'UserHierarchyGroup', 'admin_url': '/admin/auths/userhierarchygroup/'}, {'perms': {'add': True, 'change': True, 'delete': True}, 'add_url': '/admin/auths/userhierarchypermission/add/', 'name': <django.utils.functional.lazy.<locals>.__proxy__ object at 0x0000023954B12D68>, 'object_name': 'UserHierarchyPermission', 'admin_url': '/admin/auths/userhierarchypermission/'}, {'perms': {'add': True, 'change': True, 'delete': True}, 'add_url': '/admin/auths/user/add/', 'name': <django.utils.functional.lazy.<locals>.__proxy__ object at 0x0000023954B127F0>, 'object_name': 'User', 'admin_url': '/admin/auths/user/'}]}, {'name': <django.utils.functional.lazy.<locals>.__proxy__ object at 0x000002395384C9E8>, 'app_label': 'contenttypes', 'has_module_perms': True, 'app_url': '/admin/contenttypes/', 'models': [{'perms': {'add': True, 'change': True, 'delete': True}, 'add_url': '/admin/contenttypes/contenttype/add/', 'name': <django.utils.functional.lazy.<locals>.__proxy__ object at 0x0000023954B0BC88>, 'object_name': 'ContentType', 'admin_url': '/admin/contenttypes/contenttype/'}]}, {'name': 'Django OAuth Toolkit', 'app_label': 'oauth2_provider', 'has_module_perms': True, 'app_url': '/admin/oauth2_provider/', 'models': [{'perms': {'add': True, 'change': True, 'delete': True}, 'add_url': '/admin/oauth2_provider/accesstoken/add/', 'name': <django.utils.functional.lazy.<locals>.__proxy__ object at 0x0000023954B129E8>, 'object_name': 'AccessToken', 'admin_url': '/admin/oauth2_provider/accesstoken/'}, {'perms': {'add': True, 'change': True, 'delete': True}, 'add_url': '/admin/oauth2_provider/application/add/', 'name': <django.utils.functional.lazy.<locals>.__proxy__ object at 0x0000023954B31048>, 'object_name': 'Application', 'admin_url': '/admin/oauth2_provider/application/'}, {'perms': {'add': True, 'change': True, 'delete': True}, 'add_url': '/admin/oauth2_provider/grant/add/', 'name': <django.utils.functional.lazy.<locals>.__proxy__ object at 0x0000023954B0B828>, 'object_name': 'Grant', 'admin_url': '/admin/oauth2_provider/grant/'}, {'perms': {'add': True, 'change': True, 'delete': True}, 'add_url': '/admin/oauth2_provider/refreshtoken/add/', 'name': <django.utils.functional.lazy.<locals>.__proxy__ object at 0x0000023954B151D0>, 'object_name': 'RefreshToken', 'admin_url': '/admin/oauth2_provider/refreshtoken/'}]}, {'name': 'Registro', 'app_label': 'registro', 'has_module_perms': True, 'app_url': '/admin/registro/', 'models': [{'perms': {'add': True, 'change': True, 'delete': True}, 'add_url': '/admin/registro/cliente/add/', 'name': 'Clientes', 'object_name': 'Cliente', 'admin_url': '/admin/registro/cliente/'}, {'perms': {'add': True, 'change': True, 'delete': True}, 'add_url': '/admin/registro/distribuidor/add/', 'name': <django.utils.functional.lazy.<locals>.__proxy__ object at 0x0000023954B0DD68>, 'object_name': 'Distribuidor', 'admin_url': '/admin/registro/distribuidor/'}, {'perms': {'add': True, 'change': True, 'delete': True}, 'add_url': '/admin/registro/marca/add/', 'name': <django.utils.functional.lazy.<locals>.__proxy__ object at 0x0000023954B0BDD8>, 'object_name': 'Marca', 'admin_url': '/admin/registro/marca/'}, {'perms': {'add': True, 'change': True, 'delete': True}, 'add_url': '/admin/registro/producto/add/', 'name': <django.utils.functional.lazy.<locals>.__proxy__ object at 0x0000023954B0B908>, 'object_name': 'Producto', 'admin_url': '/admin/registro/producto/'}]}]}]"
[2016-11-30 21:31:04] DEBUG [django.template:929] Exception while resolving variable 'is_popup' in template 'admin/index.html'.
Traceback (most recent call last):
  File "D:\MCR\marketsoft\ve_mcr\lib\site-packages\django\template\base.py", line 885, in _resolve_lookup
    current = current[bit]
  File "D:\MCR\marketsoft\ve_mcr\lib\site-packages\django\template\context.py", line 75, in __getitem__
    raise KeyError(key)
KeyError: 'is_popup'

During handling of the above exception, another exception occurred:

Traceback (most recent call last):
  File "D:\MCR\marketsoft\ve_mcr\lib\site-packages\django\template\base.py", line 891, in _resolve_lookup
    if isinstance(current, BaseContext) and getattr(type(current), bit):
AttributeError: type object 'RequestContext' has no attribute 'is_popup'

During handling of the above exception, another exception occurred:

Traceback (most recent call last):
  File "D:\MCR\marketsoft\ve_mcr\lib\site-packages\django\template\base.py", line 900, in _resolve_lookup
    current = current[int(bit)]
ValueError: invalid literal for int() with base 10: 'is_popup'

During handling of the above exception, another exception occurred:

Traceback (most recent call last):
  File "D:\MCR\marketsoft\ve_mcr\lib\site-packages\django\template\base.py", line 907, in _resolve_lookup
    (bit, current))  # missing attribute
django.template.base.VariableDoesNotExist: Failed lookup for key [is_popup] in "[{'None': None, 'False': False, 'True': True}, {'user': <SimpleLazyObject: <User: admin>>, 'DEFAULT_MESSAGE_LEVELS': {'DEBUG': 10, 'ERROR': 40, 'INFO': 20, 'WARNING': 30, 'SUCCESS': 25}, 'messages': <django.contrib.messages.storage.fallback.FallbackStorage object at 0x0000023954B12320>, 'perms': <django.contrib.auth.context_processors.PermWrapper object at 0x0000023954B6FB38>, 'csrf_token': <SimpleLazyObject: <function csrf.<locals>._get_val at 0x0000023953318840>>, 'request': <WSGIRequest: GET '/admin/'>}, {}, {'site_title': <django.utils.functional.lazy.<locals>.__proxy__ object at 0x0000023953832AC8>, 'has_permission': True, 'site_header': <django.utils.functional.lazy.<locals>.__proxy__ object at 0x0000023953832B70>, 'LANGUAGE_BIDI': False, 'LANGUAGE_CODE': 'en-us', 'site_url': '/', 'title': <django.utils.functional.lazy.<locals>.__proxy__ object at 0x000002395379DCF8>, 'available_apps': [{'name': <django.utils.functional.lazy.<locals>.__proxy__ object at 0x00000239537AA630>, 'app_label': 'auth', 'has_module_perms': True, 'app_url': '/admin/auth/', 'models': [{'perms': {'add': True, 'change': True, 'delete': True}, 'add_url': '/admin/auth/group/add/', 'name': <django.utils.functional.lazy.<locals>.__proxy__ object at 0x0000023954B0DBE0>, 'object_name': 'Group', 'admin_url': '/admin/auth/group/'}, {'perms': {'add': True, 'change': True, 'delete': True}, 'add_url': '/admin/auth/permission/add/', 'name': <django.utils.functional.lazy.<locals>.__proxy__ object at 0x0000023954B0DAC8>, 'object_name': 'Permission', 'admin_url': '/admin/auth/permission/'}]}, {'name': 'Auths', 'app_label': 'auths', 'has_module_perms': True, 'app_url': '/admin/auths/', 'models': [{'perms': {'add': True, 'change': True, 'delete': True}, 'add_url': '/admin/auths/hierarchytype/add/', 'name': <django.utils.functional.lazy.<locals>.__proxy__ object at 0x0000023954B0D9E8>, 'object_name': 'HierarchyType', 'admin_url': '/admin/auths/hierarchytype/'}, {'perms': {'add': True, 'change': True, 'delete': True}, 'add_url': '/admin/auths/hierarchy/add/', 'name': <django.utils.functional.lazy.<locals>.__proxy__ object at 0x0000023954B0D630>, 'object_name': 'Hierarchy', 'admin_url': '/admin/auths/hierarchy/'}, {'perms': {'add': True, 'change': True, 'delete': True}, 'add_url': '/admin/auths/menu/add/', 'name': <django.utils.functional.lazy.<locals>.__proxy__ object at 0x0000023954B0DC50>, 'object_name': 'Menu', 'admin_url': '/admin/auths/menu/'}, {'perms': {'add': True, 'change': True, 'delete': True}, 'add_url': '/admin/auths/person/add/', 'name': <django.utils.functional.lazy.<locals>.__proxy__ object at 0x0000023954B0DB70>, 'object_name': 'Person', 'admin_url': '/admin/auths/person/'}, {'perms': {'add': True, 'change': True, 'delete': True}, 'add_url': '/admin/auths/userhierarchygroup/add/', 'name': <django.utils.functional.lazy.<locals>.__proxy__ object at 0x0000023954B0DB00>, 'object_name': 'UserHierarchyGroup', 'admin_url': '/admin/auths/userhierarchygroup/'}, {'perms': {'add': True, 'change': True, 'delete': True}, 'add_url': '/admin/auths/userhierarchypermission/add/', 'name': <django.utils.functional.lazy.<locals>.__proxy__ object at 0x0000023954B0D7F0>, 'object_name': 'UserHierarchyPermission', 'admin_url': '/admin/auths/userhierarchypermission/'}, {'perms': {'add': True, 'change': True, 'delete': True}, 'add_url': '/admin/auths/user/add/', 'name': <django.utils.functional.lazy.<locals>.__proxy__ object at 0x0000023954B0D048>, 'object_name': 'User', 'admin_url': '/admin/auths/user/'}]}, {'name': <django.utils.functional.lazy.<locals>.__proxy__ object at 0x000002395384C9E8>, 'app_label': 'contenttypes', 'has_module_perms': True, 'app_url': '/admin/contenttypes/', 'models': [{'perms': {'add': True, 'change': True, 'delete': True}, 'add_url': '/admin/contenttypes/contenttype/add/', 'name': <django.utils.functional.lazy.<locals>.__proxy__ object at 0x0000023954B0DC18>, 'object_name': 'ContentType', 'admin_url': '/admin/contenttypes/contenttype/'}]}, {'name': 'Django OAuth Toolkit', 'app_label': 'oauth2_provider', 'has_module_perms': True, 'app_url': '/admin/oauth2_provider/', 'models': [{'perms': {'add': True, 'change': True, 'delete': True}, 'add_url': '/admin/oauth2_provider/accesstoken/add/', 'name': <django.utils.functional.lazy.<locals>.__proxy__ object at 0x0000023954B0D080>, 'object_name': 'AccessToken', 'admin_url': '/admin/oauth2_provider/accesstoken/'}, {'perms': {'add': True, 'change': True, 'delete': True}, 'add_url': '/admin/oauth2_provider/application/add/', 'name': <django.utils.functional.lazy.<locals>.__proxy__ object at 0x0000023954B0D978>, 'object_name': 'Application', 'admin_url': '/admin/oauth2_provider/application/'}, {'perms': {'add': True, 'change': True, 'delete': True}, 'add_url': '/admin/oauth2_provider/grant/add/', 'name': <django.utils.functional.lazy.<locals>.__proxy__ object at 0x0000023954B0DB38>, 'object_name': 'Grant', 'admin_url': '/admin/oauth2_provider/grant/'}, {'perms': {'add': True, 'change': True, 'delete': True}, 'add_url': '/admin/oauth2_provider/refreshtoken/add/', 'name': <django.utils.functional.lazy.<locals>.__proxy__ object at 0x0000023954B0DFD0>, 'object_name': 'RefreshToken', 'admin_url': '/admin/oauth2_provider/refreshtoken/'}]}, {'name': 'Registro', 'app_label': 'registro', 'has_module_perms': True, 'app_url': '/admin/registro/', 'models': [{'perms': {'add': True, 'change': True, 'delete': True}, 'add_url': '/admin/registro/cliente/add/', 'name': 'Clientes', 'object_name': 'Cliente', 'admin_url': '/admin/registro/cliente/'}, {'perms': {'add': True, 'change': True, 'delete': True}, 'add_url': '/admin/registro/distribuidor/add/', 'name': <django.utils.functional.lazy.<locals>.__proxy__ object at 0x0000023954B0D160>, 'object_name': 'Distribuidor', 'admin_url': '/admin/registro/distribuidor/'}, {'perms': {'add': True, 'change': True, 'delete': True}, 'add_url': '/admin/registro/marca/add/', 'name': <django.utils.functional.lazy.<locals>.__proxy__ object at 0x0000023954B0DBA8>, 'object_name': 'Marca', 'admin_url': '/admin/registro/marca/'}, {'perms': {'add': True, 'change': True, 'delete': True}, 'add_url': '/admin/registro/producto/add/', 'name': <django.utils.functional.lazy.<locals>.__proxy__ object at 0x0000023954B0DCC0>, 'object_name': 'Producto', 'admin_url': '/admin/registro/producto/'}]}], 'app_list': [{'name': <django.utils.functional.lazy.<locals>.__proxy__ object at 0x00000239537AA630>, 'app_label': 'auth', 'has_module_perms': True, 'app_url': '/admin/auth/', 'models': [{'perms': {'add': True, 'change': True, 'delete': True}, 'add_url': '/admin/auth/group/add/', 'name': <django.utils.functional.lazy.<locals>.__proxy__ object at 0x0000023954B0B9E8>, 'object_name': 'Group', 'admin_url': '/admin/auth/group/'}, {'perms': {'add': True, 'change': True, 'delete': True}, 'add_url': '/admin/auth/permission/add/', 'name': <django.utils.functional.lazy.<locals>.__proxy__ object at 0x0000023954B31630>, 'object_name': 'Permission', 'admin_url': '/admin/auth/permission/'}]}, {'name': 'Auths', 'app_label': 'auths', 'has_module_perms': True, 'app_url': '/admin/auths/', 'models': [{'perms': {'add': True, 'change': True, 'delete': True}, 'add_url': '/admin/auths/hierarchytype/add/', 'name': <django.utils.functional.lazy.<locals>.__proxy__ object at 0x0000023954B15080>, 'object_name': 'HierarchyType', 'admin_url': '/admin/auths/hierarchytype/'}, {'perms': {'add': True, 'change': True, 'delete': True}, 'add_url': '/admin/auths/hierarchy/add/', 'name': <django.utils.functional.lazy.<locals>.__proxy__ object at 0x0000023954B0BFD0>, 'object_name': 'Hierarchy', 'admin_url': '/admin/auths/hierarchy/'}, {'perms': {'add': True, 'change': True, 'delete': True}, 'add_url': '/admin/auths/menu/add/', 'name': <django.utils.functional.lazy.<locals>.__proxy__ object at 0x0000023954B0B710>, 'object_name': 'Menu', 'admin_url': '/admin/auths/menu/'}, {'perms': {'add': True, 'change': True, 'delete': True}, 'add_url': '/admin/auths/person/add/', 'name': <django.utils.functional.lazy.<locals>.__proxy__ object at 0x0000023954B0B0B8>, 'object_name': 'Person', 'admin_url': '/admin/auths/person/'}, {'perms': {'add': True, 'change': True, 'delete': True}, 'add_url': '/admin/auths/userhierarchygroup/add/', 'name': <django.utils.functional.lazy.<locals>.__proxy__ object at 0x0000023954B31CF8>, 'object_name': 'UserHierarchyGroup', 'admin_url': '/admin/auths/userhierarchygroup/'}, {'perms': {'add': True, 'change': True, 'delete': True}, 'add_url': '/admin/auths/userhierarchypermission/add/', 'name': <django.utils.functional.lazy.<locals>.__proxy__ object at 0x0000023954B12D68>, 'object_name': 'UserHierarchyPermission', 'admin_url': '/admin/auths/userhierarchypermission/'}, {'perms': {'add': True, 'change': True, 'delete': True}, 'add_url': '/admin/auths/user/add/', 'name': <django.utils.functional.lazy.<locals>.__proxy__ object at 0x0000023954B127F0>, 'object_name': 'User', 'admin_url': '/admin/auths/user/'}]}, {'name': <django.utils.functional.lazy.<locals>.__proxy__ object at 0x000002395384C9E8>, 'app_label': 'contenttypes', 'has_module_perms': True, 'app_url': '/admin/contenttypes/', 'models': [{'perms': {'add': True, 'change': True, 'delete': True}, 'add_url': '/admin/contenttypes/contenttype/add/', 'name': <django.utils.functional.lazy.<locals>.__proxy__ object at 0x0000023954B0BC88>, 'object_name': 'ContentType', 'admin_url': '/admin/contenttypes/contenttype/'}]}, {'name': 'Django OAuth Toolkit', 'app_label': 'oauth2_provider', 'has_module_perms': True, 'app_url': '/admin/oauth2_provider/', 'models': [{'perms': {'add': True, 'change': True, 'delete': True}, 'add_url': '/admin/oauth2_provider/accesstoken/add/', 'name': <django.utils.functional.lazy.<locals>.__proxy__ object at 0x0000023954B129E8>, 'object_name': 'AccessToken', 'admin_url': '/admin/oauth2_provider/accesstoken/'}, {'perms': {'add': True, 'change': True, 'delete': True}, 'add_url': '/admin/oauth2_provider/application/add/', 'name': <django.utils.functional.lazy.<locals>.__proxy__ object at 0x0000023954B31048>, 'object_name': 'Application', 'admin_url': '/admin/oauth2_provider/application/'}, {'perms': {'add': True, 'change': True, 'delete': True}, 'add_url': '/admin/oauth2_provider/grant/add/', 'name': <django.utils.functional.lazy.<locals>.__proxy__ object at 0x0000023954B0B828>, 'object_name': 'Grant', 'admin_url': '/admin/oauth2_provider/grant/'}, {'perms': {'add': True, 'change': True, 'delete': True}, 'add_url': '/admin/oauth2_provider/refreshtoken/add/', 'name': <django.utils.functional.lazy.<locals>.__proxy__ object at 0x0000023954B151D0>, 'object_name': 'RefreshToken', 'admin_url': '/admin/oauth2_provider/refreshtoken/'}]}, {'name': 'Registro', 'app_label': 'registro', 'has_module_perms': True, 'app_url': '/admin/registro/', 'models': [{'perms': {'add': True, 'change': True, 'delete': True}, 'add_url': '/admin/registro/cliente/add/', 'name': 'Clientes', 'object_name': 'Cliente', 'admin_url': '/admin/registro/cliente/'}, {'perms': {'add': True, 'change': True, 'delete': True}, 'add_url': '/admin/registro/distribuidor/add/', 'name': <django.utils.functional.lazy.<locals>.__proxy__ object at 0x0000023954B0DD68>, 'object_name': 'Distribuidor', 'admin_url': '/admin/registro/distribuidor/'}, {'perms': {'add': True, 'change': True, 'delete': True}, 'add_url': '/admin/registro/marca/add/', 'name': <django.utils.functional.lazy.<locals>.__proxy__ object at 0x0000023954B0BDD8>, 'object_name': 'Marca', 'admin_url': '/admin/registro/marca/'}, {'perms': {'add': True, 'change': True, 'delete': True}, 'add_url': '/admin/registro/producto/add/', 'name': <django.utils.functional.lazy.<locals>.__proxy__ object at 0x0000023954B0B908>, 'object_name': 'Producto', 'admin_url': '/admin/registro/producto/'}]}]}]"
[2016-11-30 21:31:04] DEBUG [django.db.backends:90] (0.000) SELECT "django_admin_log"."id", "django_admin_log"."action_time", "django_admin_log"."user_id", "django_admin_log"."content_type_id", "django_admin_log"."object_id", "django_admin_log"."object_repr", "django_admin_log"."action_flag", "django_admin_log"."change_message", "auths_user"."password", "auths_user"."last_login", "auths_user"."is_superuser", "auths_user"."username", "auths_user"."first_name", "auths_user"."last_name", "auths_user"."email", "auths_user"."is_staff", "auths_user"."is_active", "auths_user"."date_joined", "auths_user"."id", "auths_user"."last_hierarchy_id", "auths_user"."last_module_id", "auths_user"."person_id", "auths_user"."updated_at", "auths_user"."registered_by", "django_content_type"."id", "django_content_type"."app_label", "django_content_type"."model" FROM "django_admin_log" INNER JOIN "auths_user" ON ("django_admin_log"."user_id" = "auths_user"."id") LEFT OUTER JOIN "django_content_type" ON ("django_admin_log"."content_type_id" = "django_content_type"."id") WHERE "django_admin_log"."user_id" = '915b008a06b9406391807ca522830fca' ORDER BY "django_admin_log"."action_time" DESC LIMIT 10; args=('915b008a06b9406391807ca522830fca',)
[2016-11-30 21:31:04] INFO [django.server:131] "GET /admin/ HTTP/1.1" 200 14135
[2016-11-30 21:31:04] INFO [django.server:131] "GET /static/admin/fonts/Roboto-Bold-webfont.woff HTTP/1.1" 304 0
[2016-11-30 21:31:05] INFO [django.server:131] "GET /static/admin/img/icon-addlink.svg HTTP/1.1" 304 0
[2016-11-30 21:31:05] INFO [django.server:131] "GET /static/admin/img/icon-changelink.svg HTTP/1.1" 304 0
[2016-11-30 21:31:23] DEBUG [django.db.backends:90] (0.001) SELECT "auths_menu"."router_json" FROM "auths_menu" ORDER BY "auths_menu"."pos" ASC; args=()
[2016-11-30 21:31:23] INFO [django.server:131] "GET /api/auths/routers/ HTTP/1.1" 200 2
[2016-11-30 21:42:06] DEBUG [django.db.backends:90] (0.002) SELECT "auths_menu"."router_json" FROM "auths_menu" ORDER BY "auths_menu"."pos" ASC; args=()
[2016-11-30 21:42:06] INFO [django.server:131] "GET /api/auths/routers/ HTTP/1.1" 200 2
[2016-11-30 21:55:02] DEBUG [django.db.backends:90] (0.001) SELECT "auths_menu"."router_json" FROM "auths_menu" ORDER BY "auths_menu"."pos" ASC; args=()
[2016-11-30 21:55:02] INFO [django.server:131] "GET /api/auths/routers/ HTTP/1.1" 200 2
[2016-11-30 21:55:09] DEBUG [django.db.backends:90] (0.001) SELECT "auths_menu"."router_json" FROM "auths_menu" ORDER BY "auths_menu"."pos" ASC; args=()
[2016-11-30 21:55:09] INFO [django.server:131] "GET /api/auths/routers/ HTTP/1.1" 200 2
[2016-11-30 21:55:46] DEBUG [django.db.backends:90] (0.000) SELECT "auths_menu"."router_json" FROM "auths_menu" ORDER BY "auths_menu"."pos" ASC; args=()
[2016-11-30 21:55:46] INFO [django.server:131] "GET /api/auths/routers/ HTTP/1.1" 200 2
[2016-11-30 21:56:12] DEBUG [django.db.backends:90] (0.001) SELECT "auths_menu"."router_json" FROM "auths_menu" ORDER BY "auths_menu"."pos" ASC; args=()
[2016-11-30 21:56:12] INFO [django.server:131] "GET /api/auths/routers/ HTTP/1.1" 200 2
[2016-11-30 21:56:49] DEBUG [django.db.backends:90] (0.002) SELECT "auths_menu"."router_json" FROM "auths_menu" ORDER BY "auths_menu"."pos" ASC; args=()
[2016-11-30 21:56:49] INFO [django.server:131] "GET /api/auths/routers/ HTTP/1.1" 200 2
[2016-11-30 21:57:06] DEBUG [django.db.backends:90] (0.001) SELECT "auths_menu"."router_json" FROM "auths_menu" ORDER BY "auths_menu"."pos" ASC; args=()
[2016-11-30 21:57:06] INFO [django.server:131] "GET /api/auths/routers/ HTTP/1.1" 200 2
[2016-11-30 21:57:17] DEBUG [django.db.backends:90] (0.001) SELECT "auths_menu"."router_json" FROM "auths_menu" ORDER BY "auths_menu"."pos" ASC; args=()
[2016-11-30 21:57:17] INFO [django.server:131] "GET /api/auths/routers/ HTTP/1.1" 200 2
[2016-11-30 21:59:05] DEBUG [django.db.backends:90] (0.003) SELECT "auths_menu"."router_json" FROM "auths_menu" ORDER BY "auths_menu"."pos" ASC; args=()
[2016-11-30 21:59:05] INFO [django.server:131] "GET /api/auths/routers/ HTTP/1.1" 200 2
[2016-11-30 22:01:29] DEBUG [django.db.backends:90] (0.002) SELECT "auths_menu"."router_json" FROM "auths_menu" ORDER BY "auths_menu"."pos" ASC; args=()
[2016-11-30 22:01:29] INFO [django.server:131] "GET /api/auths/routers/ HTTP/1.1" 200 2
[2016-11-30 22:03:28] DEBUG [django.db.backends:90] (0.001) SELECT "auths_menu"."router_json" FROM "auths_menu" ORDER BY "auths_menu"."pos" ASC; args=()
[2016-11-30 22:03:28] INFO [django.server:131] "GET /api/auths/routers/ HTTP/1.1" 200 2
[2016-11-30 22:03:53] DEBUG [django.db.backends:90] (0.002) SELECT "auths_menu"."router_json" FROM "auths_menu" ORDER BY "auths_menu"."pos" ASC; args=()
[2016-11-30 22:03:53] INFO [django.server:131] "GET /api/auths/routers/ HTTP/1.1" 200 2
[2016-11-30 22:06:09] DEBUG [django.db.backends:90] (0.001) SELECT "auths_menu"."router_json" FROM "auths_menu" ORDER BY "auths_menu"."pos" ASC; args=()
[2016-11-30 22:06:09] INFO [django.server:131] "GET /api/auths/routers/ HTTP/1.1" 200 2
[2016-11-30 22:07:19] DEBUG [django.db.backends:90] (0.002) SELECT "auths_menu"."router_json" FROM "auths_menu" ORDER BY "auths_menu"."pos" ASC; args=()
[2016-11-30 22:07:19] INFO [django.server:131] "GET /api/auths/routers/ HTTP/1.1" 200 2
[2016-11-30 22:09:07] DEBUG [django.db.backends:90] (0.002) SELECT "auths_menu"."router_json" FROM "auths_menu" ORDER BY "auths_menu"."pos" ASC; args=()
[2016-11-30 22:09:07] INFO [django.server:131] "GET /api/auths/routers/ HTTP/1.1" 200 2
[2016-11-30 22:10:05] DEBUG [django.db.backends:90] (0.000) SELECT "auths_menu"."router_json" FROM "auths_menu" ORDER BY "auths_menu"."pos" ASC; args=()
[2016-11-30 22:10:05] INFO [django.server:131] "GET /api/auths/routers/ HTTP/1.1" 200 2
[2016-11-30 22:13:18] DEBUG [django.db.backends:90] (0.001) SELECT "auths_menu"."router_json" FROM "auths_menu" ORDER BY "auths_menu"."pos" ASC; args=()
[2016-11-30 22:13:18] INFO [django.server:131] "GET /api/auths/routers/ HTTP/1.1" 200 2
[2016-11-30 22:13:50] DEBUG [django.db.backends:90] (0.002) SELECT "auths_menu"."router_json" FROM "auths_menu" ORDER BY "auths_menu"."pos" ASC; args=()
[2016-11-30 22:13:50] INFO [django.server:131] "GET /api/auths/routers/ HTTP/1.1" 200 2
[2016-11-30 22:14:34] DEBUG [django.db.backends:90] (0.003) SELECT "auths_menu"."router_json" FROM "auths_menu" ORDER BY "auths_menu"."pos" ASC; args=()
[2016-11-30 22:14:34] INFO [django.server:131] "GET /api/auths/routers/ HTTP/1.1" 200 2
[2016-11-30 22:15:00] DEBUG [django.db.backends:90] (0.001) SELECT "auths_menu"."router_json" FROM "auths_menu" ORDER BY "auths_menu"."pos" ASC; args=()
[2016-11-30 22:15:00] INFO [django.server:131] "GET /api/auths/routers/ HTTP/1.1" 200 2
[2016-11-30 22:15:27] DEBUG [django.db.backends:90] (0.002) SELECT "auths_menu"."router_json" FROM "auths_menu" ORDER BY "auths_menu"."pos" ASC; args=()
[2016-11-30 22:15:27] INFO [django.server:131] "GET /api/auths/routers/ HTTP/1.1" 200 2
[2016-11-30 22:17:33] DEBUG [django.db.backends:90] (0.001) SELECT "auths_menu"."router_json" FROM "auths_menu" ORDER BY "auths_menu"."pos" ASC; args=()
[2016-11-30 22:17:33] INFO [django.server:131] "GET /api/auths/routers/ HTTP/1.1" 200 2
[2016-11-30 22:21:07] DEBUG [django.db.backends:90] (0.001) SELECT "auths_menu"."router_json" FROM "auths_menu" ORDER BY "auths_menu"."pos" ASC; args=()
[2016-11-30 22:21:07] INFO [django.server:131] "GET /api/auths/routers/ HTTP/1.1" 200 2
[2016-11-30 22:21:33] DEBUG [django.db.backends:90] (0.002) SELECT "auths_menu"."router_json" FROM "auths_menu" ORDER BY "auths_menu"."pos" ASC; args=()
[2016-11-30 22:21:33] INFO [django.server:131] "GET /api/auths/routers/ HTTP/1.1" 200 2
[2016-11-30 22:22:29] DEBUG [django.db.backends:90] (0.001) SELECT "auths_menu"."router_json" FROM "auths_menu" ORDER BY "auths_menu"."pos" ASC; args=()
[2016-11-30 22:22:29] INFO [django.server:131] "GET /api/auths/routers/ HTTP/1.1" 200 2
[2016-11-30 22:22:54] DEBUG [django.db.backends:90] (0.002) SELECT "auths_menu"."router_json" FROM "auths_menu" ORDER BY "auths_menu"."pos" ASC; args=()
[2016-11-30 22:22:54] INFO [django.server:131] "GET /api/auths/routers/ HTTP/1.1" 200 2
[2016-11-30 22:23:39] DEBUG [django.db.backends:90] (0.001) SELECT "auths_menu"."router_json" FROM "auths_menu" ORDER BY "auths_menu"."pos" ASC; args=()
[2016-11-30 22:23:39] INFO [django.server:131] "GET /api/auths/routers/ HTTP/1.1" 200 2
[2016-11-30 22:24:19] DEBUG [django.db.backends:90] (0.002) SELECT "auths_menu"."router_json" FROM "auths_menu" ORDER BY "auths_menu"."pos" ASC; args=()
[2016-11-30 22:24:19] INFO [django.server:131] "GET /api/auths/routers/ HTTP/1.1" 200 2
[2016-11-30 22:24:50] DEBUG [django.db.backends:90] (0.001) SELECT "auths_menu"."router_json" FROM "auths_menu" ORDER BY "auths_menu"."pos" ASC; args=()
[2016-11-30 22:24:50] INFO [django.server:131] "GET /api/auths/routers/ HTTP/1.1" 200 2
[2016-11-30 22:26:08] DEBUG [django.db.backends:90] (0.002) SELECT "oauth2_provider_application"."id", "oauth2_provider_application"."client_id", "oauth2_provider_application"."user_id", "oauth2_provider_application"."redirect_uris", "oauth2_provider_application"."client_type", "oauth2_provider_application"."authorization_grant_type", "oauth2_provider_application"."client_secret", "oauth2_provider_application"."name", "oauth2_provider_application"."skip_authorization" FROM "oauth2_provider_application" WHERE "oauth2_provider_application"."client_id" = '7kg3mZAQbOuc65ZmnDOkOcq6ouAVubhATreRa624'; args=('7kg3mZAQbOuc65ZmnDOkOcq6ouAVubhATreRa624',)
[2016-11-30 22:26:09] DEBUG [django.db.backends:90] (0.001) SELECT "auths_user"."password", "auths_user"."last_login", "auths_user"."is_superuser", "auths_user"."username", "auths_user"."first_name", "auths_user"."last_name", "auths_user"."email", "auths_user"."is_staff", "auths_user"."is_active", "auths_user"."date_joined", "auths_user"."id", "auths_user"."last_hierarchy_id", "auths_user"."last_module_id", "auths_user"."person_id", "auths_user"."updated_at", "auths_user"."registered_by" FROM "auths_user" WHERE "auths_user"."username" = 'admin'; args=('admin',)
[2016-11-30 22:26:09] DEBUG [django.db.backends:90] (0.000) BEGIN; args=None
[2016-11-30 22:26:09] DEBUG [django.db.backends:90] (0.002) INSERT INTO "oauth2_provider_accesstoken" ("user_id", "token", "application_id", "expires", "scope") VALUES ('915b008a06b9406391807ca522830fca', 'EVJ3p9vYFtGQv2uQPYdqrUjYEuAgbg', 1, '2016-12-01 16:26:09.028439', 'write read'); args=['915b008a06b9406391807ca522830fca', 'EVJ3p9vYFtGQv2uQPYdqrUjYEuAgbg', 1, '2016-12-01 16:26:09.028439', 'write read']
[2016-11-30 22:26:09] DEBUG [django.db.backends:90] (0.000) BEGIN; args=None
[2016-11-30 22:26:09] DEBUG [django.db.backends:90] (0.001) INSERT INTO "oauth2_provider_refreshtoken" ("user_id", "token", "application_id", "access_token_id") VALUES ('915b008a06b9406391807ca522830fca', '3Vgurgs1OUIMxssi3t9feApVtCocua', 1, 23); args=['915b008a06b9406391807ca522830fca', '3Vgurgs1OUIMxssi3t9feApVtCocua', 1, 23]
[2016-11-30 22:26:09] INFO [django.server:131] "POST /o/token/ HTTP/1.1" 200 169
[2016-11-30 22:26:09] INFO [django.server:131] "OPTIONS /api/auths/localuserinfo/ HTTP/1.1" 200 0
[2016-11-30 22:26:09] INFO [django.server:131] "OPTIONS /api/auths/usermenu/ HTTP/1.1" 200 0
[2016-11-30 22:26:10] DEBUG [django.db.backends:90] (0.001) SELECT "oauth2_provider_accesstoken"."id", "oauth2_provider_accesstoken"."user_id", "oauth2_provider_accesstoken"."token", "oauth2_provider_accesstoken"."application_id", "oauth2_provider_accesstoken"."expires", "oauth2_provider_accesstoken"."scope", "auths_user"."password", "auths_user"."last_login", "auths_user"."is_superuser", "auths_user"."username", "auths_user"."first_name", "auths_user"."last_name", "auths_user"."email", "auths_user"."is_staff", "auths_user"."is_active", "auths_user"."date_joined", "auths_user"."id", "auths_user"."last_hierarchy_id", "auths_user"."last_module_id", "auths_user"."person_id", "auths_user"."updated_at", "auths_user"."registered_by", "oauth2_provider_application"."id", "oauth2_provider_application"."client_id", "oauth2_provider_application"."user_id", "oauth2_provider_application"."redirect_uris", "oauth2_provider_application"."client_type", "oauth2_provider_application"."authorization_grant_type", "oauth2_provider_application"."client_secret", "oauth2_provider_application"."name", "oauth2_provider_application"."skip_authorization" FROM "oauth2_provider_accesstoken" LEFT OUTER JOIN "auths_user" ON ("oauth2_provider_accesstoken"."user_id" = "auths_user"."id") INNER JOIN "oauth2_provider_application" ON ("oauth2_provider_accesstoken"."application_id" = "oauth2_provider_application"."id") WHERE "oauth2_provider_accesstoken"."token" = 'EVJ3p9vYFtGQv2uQPYdqrUjYEuAgbg'; args=('EVJ3p9vYFtGQv2uQPYdqrUjYEuAgbg',)
[2016-11-30 22:26:10] DEBUG [django.db.backends:90] (0.000) SELECT "oauth2_provider_accesstoken"."id", "oauth2_provider_accesstoken"."user_id", "oauth2_provider_accesstoken"."token", "oauth2_provider_accesstoken"."application_id", "oauth2_provider_accesstoken"."expires", "oauth2_provider_accesstoken"."scope", "auths_user"."password", "auths_user"."last_login", "auths_user"."is_superuser", "auths_user"."username", "auths_user"."first_name", "auths_user"."last_name", "auths_user"."email", "auths_user"."is_staff", "auths_user"."is_active", "auths_user"."date_joined", "auths_user"."id", "auths_user"."last_hierarchy_id", "auths_user"."last_module_id", "auths_user"."person_id", "auths_user"."updated_at", "auths_user"."registered_by", "oauth2_provider_application"."id", "oauth2_provider_application"."client_id", "oauth2_provider_application"."user_id", "oauth2_provider_application"."redirect_uris", "oauth2_provider_application"."client_type", "oauth2_provider_application"."authorization_grant_type", "oauth2_provider_application"."client_secret", "oauth2_provider_application"."name", "oauth2_provider_application"."skip_authorization" FROM "oauth2_provider_accesstoken" LEFT OUTER JOIN "auths_user" ON ("oauth2_provider_accesstoken"."user_id" = "auths_user"."id") INNER JOIN "oauth2_provider_application" ON ("oauth2_provider_accesstoken"."application_id" = "oauth2_provider_application"."id") WHERE "oauth2_provider_accesstoken"."token" = 'EVJ3p9vYFtGQv2uQPYdqrUjYEuAgbg'; args=('EVJ3p9vYFtGQv2uQPYdqrUjYEuAgbg',)
[2016-11-30 22:26:10] DEBUG [django.db.backends:90] (0.000) SELECT "auth_group"."id", "auth_group"."name" FROM "auth_group" INNER JOIN "auths_user_groups" ON ("auth_group"."id" = "auths_user_groups"."group_id") WHERE "auths_user_groups"."user_id" = '915b008a06b9406391807ca522830fca'; args=('915b008a06b9406391807ca522830fca',)
[2016-11-30 22:26:10] DEBUG [django.db.backends:90] (0.000) SELECT "auth_permission"."id", "auth_permission"."name", "auth_permission"."content_type_id", "auth_permission"."codename" FROM "auth_permission" INNER JOIN "auths_user_user_permissions" ON ("auth_permission"."id" = "auths_user_user_permissions"."permission_id") INNER JOIN "django_content_type" ON ("auth_permission"."content_type_id" = "django_content_type"."id") WHERE "auths_user_user_permissions"."user_id" = '915b008a06b9406391807ca522830fca' ORDER BY "django_content_type"."app_label" ASC, "django_content_type"."model" ASC, "auth_permission"."codename" ASC; args=('915b008a06b9406391807ca522830fca',)
[2016-11-30 22:26:10] INFO [django.server:131] "GET /api/auths/localuserinfo/ HTTP/1.1" 200 405
[2016-11-30 22:26:10] DEBUG [django.db.backends:90] (0.001) SELECT "oauth2_provider_accesstoken"."id", "oauth2_provider_accesstoken"."user_id", "oauth2_provider_accesstoken"."token", "oauth2_provider_accesstoken"."application_id", "oauth2_provider_accesstoken"."expires", "oauth2_provider_accesstoken"."scope", "auths_user"."password", "auths_user"."last_login", "auths_user"."is_superuser", "auths_user"."username", "auths_user"."first_name", "auths_user"."last_name", "auths_user"."email", "auths_user"."is_staff", "auths_user"."is_active", "auths_user"."date_joined", "auths_user"."id", "auths_user"."last_hierarchy_id", "auths_user"."last_module_id", "auths_user"."person_id", "auths_user"."updated_at", "auths_user"."registered_by", "oauth2_provider_application"."id", "oauth2_provider_application"."client_id", "oauth2_provider_application"."user_id", "oauth2_provider_application"."redirect_uris", "oauth2_provider_application"."client_type", "oauth2_provider_application"."authorization_grant_type", "oauth2_provider_application"."client_secret", "oauth2_provider_application"."name", "oauth2_provider_application"."skip_authorization" FROM "oauth2_provider_accesstoken" LEFT OUTER JOIN "auths_user" ON ("oauth2_provider_accesstoken"."user_id" = "auths_user"."id") INNER JOIN "oauth2_provider_application" ON ("oauth2_provider_accesstoken"."application_id" = "oauth2_provider_application"."id") WHERE "oauth2_provider_accesstoken"."token" = 'EVJ3p9vYFtGQv2uQPYdqrUjYEuAgbg'; args=('EVJ3p9vYFtGQv2uQPYdqrUjYEuAgbg',)
[2016-11-30 22:26:10] DEBUG [django.db.backends:90] (0.000) SELECT "oauth2_provider_accesstoken"."id", "oauth2_provider_accesstoken"."user_id", "oauth2_provider_accesstoken"."token", "oauth2_provider_accesstoken"."application_id", "oauth2_provider_accesstoken"."expires", "oauth2_provider_accesstoken"."scope", "auths_user"."password", "auths_user"."last_login", "auths_user"."is_superuser", "auths_user"."username", "auths_user"."first_name", "auths_user"."last_name", "auths_user"."email", "auths_user"."is_staff", "auths_user"."is_active", "auths_user"."date_joined", "auths_user"."id", "auths_user"."last_hierarchy_id", "auths_user"."last_module_id", "auths_user"."person_id", "auths_user"."updated_at", "auths_user"."registered_by", "oauth2_provider_application"."id", "oauth2_provider_application"."client_id", "oauth2_provider_application"."user_id", "oauth2_provider_application"."redirect_uris", "oauth2_provider_application"."client_type", "oauth2_provider_application"."authorization_grant_type", "oauth2_provider_application"."client_secret", "oauth2_provider_application"."name", "oauth2_provider_application"."skip_authorization" FROM "oauth2_provider_accesstoken" LEFT OUTER JOIN "auths_user" ON ("oauth2_provider_accesstoken"."user_id" = "auths_user"."id") INNER JOIN "oauth2_provider_application" ON ("oauth2_provider_accesstoken"."application_id" = "oauth2_provider_application"."id") WHERE "oauth2_provider_accesstoken"."token" = 'EVJ3p9vYFtGQv2uQPYdqrUjYEuAgbg'; args=('EVJ3p9vYFtGQv2uQPYdqrUjYEuAgbg',)
[2016-11-30 22:26:10] DEBUG [django.db.backends:90] (0.001) SELECT "auths_menu"."id" FROM "auths_menu" WHERE ("auths_menu"."id" IS NOT NULL AND "auths_menu"."is_active" = 1 AND "auths_menu"."module" = 'BACKEND') ORDER BY "auths_menu"."pos" ASC; args=(True, 'BACKEND')
[2016-11-30 22:26:10] DEBUG [django.db.backends:90] (0.000) SELECT (1) AS "a" FROM "django_session" WHERE "django_session"."session_key" = 'x8tio1cndcqb6x8qudaatlll0zwu343x' LIMIT 1; args=('x8tio1cndcqb6x8qudaatlll0zwu343x',)
[2016-11-30 22:26:10] DEBUG [django.db.backends:90] (0.000) BEGIN; args=None
[2016-11-30 22:26:10] DEBUG [django.db.backends:90] (0.003) INSERT INTO "django_session" ("session_key", "session_data", "expire_date") SELECT 'x8tio1cndcqb6x8qudaatlll0zwu343x', 'Y2U1MDdhOTVhY2Y1M2EzOGYyOTc1YmE0OTQ4NTlmMWJkODNmMmEzMjp7Il9zZXNzaW9uX2V4cGlyeSI6MzB9', '2016-12-01 06:26:40.230597'; args=('x8tio1cndcqb6x8qudaatlll0zwu343x', 'Y2U1MDdhOTVhY2Y1M2EzOGYyOTc1YmE0OTQ4NTlmMWJkODNmMmEzMjp7Il9zZXNzaW9uX2V4cGlyeSI6MzB9', '2016-12-01 06:26:40.230597')
[2016-11-30 22:26:10] INFO [django.server:131] "GET /api/auths/usermenu/ HTTP/1.1" 200 11
[2016-11-30 22:28:23] DEBUG [django.db.backends:90] (0.002) SELECT "oauth2_provider_accesstoken"."id", "oauth2_provider_accesstoken"."user_id", "oauth2_provider_accesstoken"."token", "oauth2_provider_accesstoken"."application_id", "oauth2_provider_accesstoken"."expires", "oauth2_provider_accesstoken"."scope", "auths_user"."password", "auths_user"."last_login", "auths_user"."is_superuser", "auths_user"."username", "auths_user"."first_name", "auths_user"."last_name", "auths_user"."email", "auths_user"."is_staff", "auths_user"."is_active", "auths_user"."date_joined", "auths_user"."id", "auths_user"."last_hierarchy_id", "auths_user"."last_module_id", "auths_user"."person_id", "auths_user"."updated_at", "auths_user"."registered_by", "oauth2_provider_application"."id", "oauth2_provider_application"."client_id", "oauth2_provider_application"."user_id", "oauth2_provider_application"."redirect_uris", "oauth2_provider_application"."client_type", "oauth2_provider_application"."authorization_grant_type", "oauth2_provider_application"."client_secret", "oauth2_provider_application"."name", "oauth2_provider_application"."skip_authorization" FROM "oauth2_provider_accesstoken" LEFT OUTER JOIN "auths_user" ON ("oauth2_provider_accesstoken"."user_id" = "auths_user"."id") INNER JOIN "oauth2_provider_application" ON ("oauth2_provider_accesstoken"."application_id" = "oauth2_provider_application"."id") WHERE "oauth2_provider_accesstoken"."token" = 'EVJ3p9vYFtGQv2uQPYdqrUjYEuAgbg'; args=('EVJ3p9vYFtGQv2uQPYdqrUjYEuAgbg',)
[2016-11-30 22:28:23] DEBUG [django.db.backends:90] (0.001) SELECT "oauth2_provider_accesstoken"."id", "oauth2_provider_accesstoken"."user_id", "oauth2_provider_accesstoken"."token", "oauth2_provider_accesstoken"."application_id", "oauth2_provider_accesstoken"."expires", "oauth2_provider_accesstoken"."scope", "auths_user"."password", "auths_user"."last_login", "auths_user"."is_superuser", "auths_user"."username", "auths_user"."first_name", "auths_user"."last_name", "auths_user"."email", "auths_user"."is_staff", "auths_user"."is_active", "auths_user"."date_joined", "auths_user"."id", "auths_user"."last_hierarchy_id", "auths_user"."last_module_id", "auths_user"."person_id", "auths_user"."updated_at", "auths_user"."registered_by", "oauth2_provider_application"."id", "oauth2_provider_application"."client_id", "oauth2_provider_application"."user_id", "oauth2_provider_application"."redirect_uris", "oauth2_provider_application"."client_type", "oauth2_provider_application"."authorization_grant_type", "oauth2_provider_application"."client_secret", "oauth2_provider_application"."name", "oauth2_provider_application"."skip_authorization" FROM "oauth2_provider_accesstoken" LEFT OUTER JOIN "auths_user" ON ("oauth2_provider_accesstoken"."user_id" = "auths_user"."id") INNER JOIN "oauth2_provider_application" ON ("oauth2_provider_accesstoken"."application_id" = "oauth2_provider_application"."id") WHERE "oauth2_provider_accesstoken"."token" = 'EVJ3p9vYFtGQv2uQPYdqrUjYEuAgbg'; args=('EVJ3p9vYFtGQv2uQPYdqrUjYEuAgbg',)
[2016-11-30 22:28:23] DEBUG [django.db.backends:90] (0.006) SELECT "oauth2_provider_accesstoken"."id", "oauth2_provider_accesstoken"."user_id", "oauth2_provider_accesstoken"."token", "oauth2_provider_accesstoken"."application_id", "oauth2_provider_accesstoken"."expires", "oauth2_provider_accesstoken"."scope", "auths_user"."password", "auths_user"."last_login", "auths_user"."is_superuser", "auths_user"."username", "auths_user"."first_name", "auths_user"."last_name", "auths_user"."email", "auths_user"."is_staff", "auths_user"."is_active", "auths_user"."date_joined", "auths_user"."id", "auths_user"."last_hierarchy_id", "auths_user"."last_module_id", "auths_user"."person_id", "auths_user"."updated_at", "auths_user"."registered_by", "oauth2_provider_application"."id", "oauth2_provider_application"."client_id", "oauth2_provider_application"."user_id", "oauth2_provider_application"."redirect_uris", "oauth2_provider_application"."client_type", "oauth2_provider_application"."authorization_grant_type", "oauth2_provider_application"."client_secret", "oauth2_provider_application"."name", "oauth2_provider_application"."skip_authorization" FROM "oauth2_provider_accesstoken" LEFT OUTER JOIN "auths_user" ON ("oauth2_provider_accesstoken"."user_id" = "auths_user"."id") INNER JOIN "oauth2_provider_application" ON ("oauth2_provider_accesstoken"."application_id" = "oauth2_provider_application"."id") WHERE "oauth2_provider_accesstoken"."token" = 'EVJ3p9vYFtGQv2uQPYdqrUjYEuAgbg'; args=('EVJ3p9vYFtGQv2uQPYdqrUjYEuAgbg',)
[2016-11-30 22:28:23] DEBUG [django.db.backends:90] (0.004) SELECT "oauth2_provider_accesstoken"."id", "oauth2_provider_accesstoken"."user_id", "oauth2_provider_accesstoken"."token", "oauth2_provider_accesstoken"."application_id", "oauth2_provider_accesstoken"."expires", "oauth2_provider_accesstoken"."scope", "auths_user"."password", "auths_user"."last_login", "auths_user"."is_superuser", "auths_user"."username", "auths_user"."first_name", "auths_user"."last_name", "auths_user"."email", "auths_user"."is_staff", "auths_user"."is_active", "auths_user"."date_joined", "auths_user"."id", "auths_user"."last_hierarchy_id", "auths_user"."last_module_id", "auths_user"."person_id", "auths_user"."updated_at", "auths_user"."registered_by", "oauth2_provider_application"."id", "oauth2_provider_application"."client_id", "oauth2_provider_application"."user_id", "oauth2_provider_application"."redirect_uris", "oauth2_provider_application"."client_type", "oauth2_provider_application"."authorization_grant_type", "oauth2_provider_application"."client_secret", "oauth2_provider_application"."name", "oauth2_provider_application"."skip_authorization" FROM "oauth2_provider_accesstoken" LEFT OUTER JOIN "auths_user" ON ("oauth2_provider_accesstoken"."user_id" = "auths_user"."id") INNER JOIN "oauth2_provider_application" ON ("oauth2_provider_accesstoken"."application_id" = "oauth2_provider_application"."id") WHERE "oauth2_provider_accesstoken"."token" = 'EVJ3p9vYFtGQv2uQPYdqrUjYEuAgbg'; args=('EVJ3p9vYFtGQv2uQPYdqrUjYEuAgbg',)
[2016-11-30 22:28:23] DEBUG [django.db.backends:90] (0.001) SELECT "auth_group"."id", "auth_group"."name" FROM "auth_group" INNER JOIN "auths_user_groups" ON ("auth_group"."id" = "auths_user_groups"."group_id") WHERE "auths_user_groups"."user_id" = '915b008a06b9406391807ca522830fca'; args=('915b008a06b9406391807ca522830fca',)
[2016-11-30 22:28:23] DEBUG [django.db.backends:90] (0.002) SELECT "auths_menu"."id" FROM "auths_menu" WHERE ("auths_menu"."id" IS NOT NULL AND "auths_menu"."is_active" = 1 AND "auths_menu"."module" = 'BACKEND') ORDER BY "auths_menu"."pos" ASC; args=(True, 'BACKEND')
[2016-11-30 22:28:23] DEBUG [django.db.backends:90] (0.000) SELECT "auth_permission"."id", "auth_permission"."name", "auth_permission"."content_type_id", "auth_permission"."codename" FROM "auth_permission" INNER JOIN "auths_user_user_permissions" ON ("auth_permission"."id" = "auths_user_user_permissions"."permission_id") INNER JOIN "django_content_type" ON ("auth_permission"."content_type_id" = "django_content_type"."id") WHERE "auths_user_user_permissions"."user_id" = '915b008a06b9406391807ca522830fca' ORDER BY "django_content_type"."app_label" ASC, "django_content_type"."model" ASC, "auth_permission"."codename" ASC; args=('915b008a06b9406391807ca522830fca',)
[2016-11-30 22:28:23] DEBUG [django.db.backends:90] (0.001) SELECT (1) AS "a" FROM "django_session" WHERE "django_session"."session_key" = 'fb9v93z2jk5pu29k2dj8qbyybaubh5rc' LIMIT 1; args=('fb9v93z2jk5pu29k2dj8qbyybaubh5rc',)
[2016-11-30 22:28:23] DEBUG [django.db.backends:90] (0.000) BEGIN; args=None
[2016-11-30 22:28:23] INFO [django.server:131] "GET /api/auths/localuserinfo/ HTTP/1.1" 200 405
[2016-11-30 22:28:23] DEBUG [django.db.backends:90] (0.004) INSERT INTO "django_session" ("session_key", "session_data", "expire_date") SELECT 'fb9v93z2jk5pu29k2dj8qbyybaubh5rc', 'Y2U1MDdhOTVhY2Y1M2EzOGYyOTc1YmE0OTQ4NTlmMWJkODNmMmEzMjp7Il9zZXNzaW9uX2V4cGlyeSI6MzB9', '2016-12-01 06:28:53.820445'; args=('fb9v93z2jk5pu29k2dj8qbyybaubh5rc', 'Y2U1MDdhOTVhY2Y1M2EzOGYyOTc1YmE0OTQ4NTlmMWJkODNmMmEzMjp7Il9zZXNzaW9uX2V4cGlyeSI6MzB9', '2016-12-01 06:28:53.820445')
[2016-11-30 22:28:23] INFO [django.server:131] "GET /api/auths/usermenu/ HTTP/1.1" 200 11
[2016-11-30 22:30:43] DEBUG [django.db.backends:90] (0.002) SELECT "oauth2_provider_accesstoken"."id", "oauth2_provider_accesstoken"."user_id", "oauth2_provider_accesstoken"."token", "oauth2_provider_accesstoken"."application_id", "oauth2_provider_accesstoken"."expires", "oauth2_provider_accesstoken"."scope", "auths_user"."password", "auths_user"."last_login", "auths_user"."is_superuser", "auths_user"."username", "auths_user"."first_name", "auths_user"."last_name", "auths_user"."email", "auths_user"."is_staff", "auths_user"."is_active", "auths_user"."date_joined", "auths_user"."id", "auths_user"."last_hierarchy_id", "auths_user"."last_module_id", "auths_user"."person_id", "auths_user"."updated_at", "auths_user"."registered_by", "oauth2_provider_application"."id", "oauth2_provider_application"."client_id", "oauth2_provider_application"."user_id", "oauth2_provider_application"."redirect_uris", "oauth2_provider_application"."client_type", "oauth2_provider_application"."authorization_grant_type", "oauth2_provider_application"."client_secret", "oauth2_provider_application"."name", "oauth2_provider_application"."skip_authorization" FROM "oauth2_provider_accesstoken" LEFT OUTER JOIN "auths_user" ON ("oauth2_provider_accesstoken"."user_id" = "auths_user"."id") INNER JOIN "oauth2_provider_application" ON ("oauth2_provider_accesstoken"."application_id" = "oauth2_provider_application"."id") WHERE "oauth2_provider_accesstoken"."token" = 'EVJ3p9vYFtGQv2uQPYdqrUjYEuAgbg'; args=('EVJ3p9vYFtGQv2uQPYdqrUjYEuAgbg',)
[2016-11-30 22:30:43] DEBUG [django.db.backends:90] (0.004) SELECT "oauth2_provider_accesstoken"."id", "oauth2_provider_accesstoken"."user_id", "oauth2_provider_accesstoken"."token", "oauth2_provider_accesstoken"."application_id", "oauth2_provider_accesstoken"."expires", "oauth2_provider_accesstoken"."scope", "auths_user"."password", "auths_user"."last_login", "auths_user"."is_superuser", "auths_user"."username", "auths_user"."first_name", "auths_user"."last_name", "auths_user"."email", "auths_user"."is_staff", "auths_user"."is_active", "auths_user"."date_joined", "auths_user"."id", "auths_user"."last_hierarchy_id", "auths_user"."last_module_id", "auths_user"."person_id", "auths_user"."updated_at", "auths_user"."registered_by", "oauth2_provider_application"."id", "oauth2_provider_application"."client_id", "oauth2_provider_application"."user_id", "oauth2_provider_application"."redirect_uris", "oauth2_provider_application"."client_type", "oauth2_provider_application"."authorization_grant_type", "oauth2_provider_application"."client_secret", "oauth2_provider_application"."name", "oauth2_provider_application"."skip_authorization" FROM "oauth2_provider_accesstoken" LEFT OUTER JOIN "auths_user" ON ("oauth2_provider_accesstoken"."user_id" = "auths_user"."id") INNER JOIN "oauth2_provider_application" ON ("oauth2_provider_accesstoken"."application_id" = "oauth2_provider_application"."id") WHERE "oauth2_provider_accesstoken"."token" = 'EVJ3p9vYFtGQv2uQPYdqrUjYEuAgbg'; args=('EVJ3p9vYFtGQv2uQPYdqrUjYEuAgbg',)
[2016-11-30 22:30:43] DEBUG [django.db.backends:90] (0.001) SELECT "oauth2_provider_accesstoken"."id", "oauth2_provider_accesstoken"."user_id", "oauth2_provider_accesstoken"."token", "oauth2_provider_accesstoken"."application_id", "oauth2_provider_accesstoken"."expires", "oauth2_provider_accesstoken"."scope", "auths_user"."password", "auths_user"."last_login", "auths_user"."is_superuser", "auths_user"."username", "auths_user"."first_name", "auths_user"."last_name", "auths_user"."email", "auths_user"."is_staff", "auths_user"."is_active", "auths_user"."date_joined", "auths_user"."id", "auths_user"."last_hierarchy_id", "auths_user"."last_module_id", "auths_user"."person_id", "auths_user"."updated_at", "auths_user"."registered_by", "oauth2_provider_application"."id", "oauth2_provider_application"."client_id", "oauth2_provider_application"."user_id", "oauth2_provider_application"."redirect_uris", "oauth2_provider_application"."client_type", "oauth2_provider_application"."authorization_grant_type", "oauth2_provider_application"."client_secret", "oauth2_provider_application"."name", "oauth2_provider_application"."skip_authorization" FROM "oauth2_provider_accesstoken" LEFT OUTER JOIN "auths_user" ON ("oauth2_provider_accesstoken"."user_id" = "auths_user"."id") INNER JOIN "oauth2_provider_application" ON ("oauth2_provider_accesstoken"."application_id" = "oauth2_provider_application"."id") WHERE "oauth2_provider_accesstoken"."token" = 'EVJ3p9vYFtGQv2uQPYdqrUjYEuAgbg'; args=('EVJ3p9vYFtGQv2uQPYdqrUjYEuAgbg',)
[2016-11-30 22:30:43] DEBUG [django.db.backends:90] (0.001) SELECT "oauth2_provider_accesstoken"."id", "oauth2_provider_accesstoken"."user_id", "oauth2_provider_accesstoken"."token", "oauth2_provider_accesstoken"."application_id", "oauth2_provider_accesstoken"."expires", "oauth2_provider_accesstoken"."scope", "auths_user"."password", "auths_user"."last_login", "auths_user"."is_superuser", "auths_user"."username", "auths_user"."first_name", "auths_user"."last_name", "auths_user"."email", "auths_user"."is_staff", "auths_user"."is_active", "auths_user"."date_joined", "auths_user"."id", "auths_user"."last_hierarchy_id", "auths_user"."last_module_id", "auths_user"."person_id", "auths_user"."updated_at", "auths_user"."registered_by", "oauth2_provider_application"."id", "oauth2_provider_application"."client_id", "oauth2_provider_application"."user_id", "oauth2_provider_application"."redirect_uris", "oauth2_provider_application"."client_type", "oauth2_provider_application"."authorization_grant_type", "oauth2_provider_application"."client_secret", "oauth2_provider_application"."name", "oauth2_provider_application"."skip_authorization" FROM "oauth2_provider_accesstoken" LEFT OUTER JOIN "auths_user" ON ("oauth2_provider_accesstoken"."user_id" = "auths_user"."id") INNER JOIN "oauth2_provider_application" ON ("oauth2_provider_accesstoken"."application_id" = "oauth2_provider_application"."id") WHERE "oauth2_provider_accesstoken"."token" = 'EVJ3p9vYFtGQv2uQPYdqrUjYEuAgbg'; args=('EVJ3p9vYFtGQv2uQPYdqrUjYEuAgbg',)
[2016-11-30 22:30:43] DEBUG [django.db.backends:90] (0.001) SELECT "auths_menu"."id" FROM "auths_menu" WHERE ("auths_menu"."id" IS NOT NULL AND "auths_menu"."is_active" = 1 AND "auths_menu"."module" = 'BACKEND') ORDER BY "auths_menu"."pos" ASC; args=(True, 'BACKEND')
[2016-11-30 22:30:43] DEBUG [django.db.backends:90] (0.001) SELECT (1) AS "a" FROM "django_session" WHERE "django_session"."session_key" = 'lr0200zbckvjgo5phugh03bctyr9rw6a' LIMIT 1; args=('lr0200zbckvjgo5phugh03bctyr9rw6a',)
[2016-11-30 22:30:43] DEBUG [django.db.backends:90] (0.000) BEGIN; args=None
[2016-11-30 22:30:43] DEBUG [django.db.backends:90] (0.010) INSERT INTO "django_session" ("session_key", "session_data", "expire_date") SELECT 'lr0200zbckvjgo5phugh03bctyr9rw6a', 'Y2U1MDdhOTVhY2Y1M2EzOGYyOTc1YmE0OTQ4NTlmMWJkODNmMmEzMjp7Il9zZXNzaW9uX2V4cGlyeSI6MzB9', '2016-12-01 06:31:13.253997'; args=('lr0200zbckvjgo5phugh03bctyr9rw6a', 'Y2U1MDdhOTVhY2Y1M2EzOGYyOTc1YmE0OTQ4NTlmMWJkODNmMmEzMjp7Il9zZXNzaW9uX2V4cGlyeSI6MzB9', '2016-12-01 06:31:13.253997')
[2016-11-30 22:30:43] DEBUG [django.db.backends:90] (0.001) SELECT "auth_group"."id", "auth_group"."name" FROM "auth_group" INNER JOIN "auths_user_groups" ON ("auth_group"."id" = "auths_user_groups"."group_id") WHERE "auths_user_groups"."user_id" = '915b008a06b9406391807ca522830fca'; args=('915b008a06b9406391807ca522830fca',)
[2016-11-30 22:30:43] INFO [django.server:131] "GET /api/auths/usermenu/ HTTP/1.1" 200 11
[2016-11-30 22:30:43] DEBUG [django.db.backends:90] (0.017) SELECT "auth_permission"."id", "auth_permission"."name", "auth_permission"."content_type_id", "auth_permission"."codename" FROM "auth_permission" INNER JOIN "auths_user_user_permissions" ON ("auth_permission"."id" = "auths_user_user_permissions"."permission_id") INNER JOIN "django_content_type" ON ("auth_permission"."content_type_id" = "django_content_type"."id") WHERE "auths_user_user_permissions"."user_id" = '915b008a06b9406391807ca522830fca' ORDER BY "django_content_type"."app_label" ASC, "django_content_type"."model" ASC, "auth_permission"."codename" ASC; args=('915b008a06b9406391807ca522830fca',)
[2016-11-30 22:30:43] INFO [django.server:131] "GET /api/auths/localuserinfo/ HTTP/1.1" 200 405
[2016-11-30 22:30:56] DEBUG [django.db.backends:90] (0.001) SELECT "auths_menu"."router_json" FROM "auths_menu" ORDER BY "auths_menu"."pos" ASC; args=()
[2016-11-30 22:30:56] INFO [django.server:131] "GET /api/auths/routers/ HTTP/1.1" 200 2
[2016-11-30 22:31:06] DEBUG [django.db.backends:90] (0.001) SELECT "auths_menu"."router_json" FROM "auths_menu" ORDER BY "auths_menu"."pos" ASC; args=()
[2016-11-30 22:31:06] INFO [django.server:131] "GET /api/auths/routers/ HTTP/1.1" 200 2
[2016-11-30 22:34:13] DEBUG [django.db.backends:90] (0.001) SELECT "auths_menu"."router_json" FROM "auths_menu" ORDER BY "auths_menu"."pos" ASC; args=()
[2016-11-30 22:34:13] INFO [django.server:131] "GET /api/auths/routers/ HTTP/1.1" 200 2
[2016-11-30 22:34:25] DEBUG [django.db.backends:90] (0.004) SELECT "oauth2_provider_application"."id", "oauth2_provider_application"."client_id", "oauth2_provider_application"."user_id", "oauth2_provider_application"."redirect_uris", "oauth2_provider_application"."client_type", "oauth2_provider_application"."authorization_grant_type", "oauth2_provider_application"."client_secret", "oauth2_provider_application"."name", "oauth2_provider_application"."skip_authorization" FROM "oauth2_provider_application" WHERE "oauth2_provider_application"."client_id" = '7kg3mZAQbOuc65ZmnDOkOcq6ouAVubhATreRa624'; args=('7kg3mZAQbOuc65ZmnDOkOcq6ouAVubhATreRa624',)
[2016-11-30 22:34:25] DEBUG [django.db.backends:90] (0.001) SELECT "auths_user"."password", "auths_user"."last_login", "auths_user"."is_superuser", "auths_user"."username", "auths_user"."first_name", "auths_user"."last_name", "auths_user"."email", "auths_user"."is_staff", "auths_user"."is_active", "auths_user"."date_joined", "auths_user"."id", "auths_user"."last_hierarchy_id", "auths_user"."last_module_id", "auths_user"."person_id", "auths_user"."updated_at", "auths_user"."registered_by" FROM "auths_user" WHERE "auths_user"."username" = 'admin'; args=('admin',)
[2016-11-30 22:34:25] DEBUG [django.db.backends:90] (0.000) BEGIN; args=None
[2016-11-30 22:34:25] DEBUG [django.db.backends:90] (0.004) INSERT INTO "oauth2_provider_accesstoken" ("user_id", "token", "application_id", "expires", "scope") VALUES ('915b008a06b9406391807ca522830fca', 'ehMl5W9RubDJrnscu6Fl0hVWYrvZkl', 1, '2016-12-01 16:34:25.937905', 'write read'); args=['915b008a06b9406391807ca522830fca', 'ehMl5W9RubDJrnscu6Fl0hVWYrvZkl', 1, '2016-12-01 16:34:25.937905', 'write read']
[2016-11-30 22:34:25] DEBUG [django.db.backends:90] (0.000) BEGIN; args=None
[2016-11-30 22:34:25] DEBUG [django.db.backends:90] (0.001) INSERT INTO "oauth2_provider_refreshtoken" ("user_id", "token", "application_id", "access_token_id") VALUES ('915b008a06b9406391807ca522830fca', 'PxVmkkAqK4qNCBnzZPKpPvaY6lubmq', 1, 24); args=['915b008a06b9406391807ca522830fca', 'PxVmkkAqK4qNCBnzZPKpPvaY6lubmq', 1, 24]
[2016-11-30 22:34:25] INFO [django.server:131] "POST /o/token/ HTTP/1.1" 200 169
[2016-11-30 22:34:26] DEBUG [django.db.backends:90] (0.001) SELECT "oauth2_provider_accesstoken"."id", "oauth2_provider_accesstoken"."user_id", "oauth2_provider_accesstoken"."token", "oauth2_provider_accesstoken"."application_id", "oauth2_provider_accesstoken"."expires", "oauth2_provider_accesstoken"."scope", "auths_user"."password", "auths_user"."last_login", "auths_user"."is_superuser", "auths_user"."username", "auths_user"."first_name", "auths_user"."last_name", "auths_user"."email", "auths_user"."is_staff", "auths_user"."is_active", "auths_user"."date_joined", "auths_user"."id", "auths_user"."last_hierarchy_id", "auths_user"."last_module_id", "auths_user"."person_id", "auths_user"."updated_at", "auths_user"."registered_by", "oauth2_provider_application"."id", "oauth2_provider_application"."client_id", "oauth2_provider_application"."user_id", "oauth2_provider_application"."redirect_uris", "oauth2_provider_application"."client_type", "oauth2_provider_application"."authorization_grant_type", "oauth2_provider_application"."client_secret", "oauth2_provider_application"."name", "oauth2_provider_application"."skip_authorization" FROM "oauth2_provider_accesstoken" LEFT OUTER JOIN "auths_user" ON ("oauth2_provider_accesstoken"."user_id" = "auths_user"."id") INNER JOIN "oauth2_provider_application" ON ("oauth2_provider_accesstoken"."application_id" = "oauth2_provider_application"."id") WHERE "oauth2_provider_accesstoken"."token" = 'ehMl5W9RubDJrnscu6Fl0hVWYrvZkl'; args=('ehMl5W9RubDJrnscu6Fl0hVWYrvZkl',)
[2016-11-30 22:34:26] DEBUG [django.db.backends:90] (0.000) SELECT "oauth2_provider_accesstoken"."id", "oauth2_provider_accesstoken"."user_id", "oauth2_provider_accesstoken"."token", "oauth2_provider_accesstoken"."application_id", "oauth2_provider_accesstoken"."expires", "oauth2_provider_accesstoken"."scope", "auths_user"."password", "auths_user"."last_login", "auths_user"."is_superuser", "auths_user"."username", "auths_user"."first_name", "auths_user"."last_name", "auths_user"."email", "auths_user"."is_staff", "auths_user"."is_active", "auths_user"."date_joined", "auths_user"."id", "auths_user"."last_hierarchy_id", "auths_user"."last_module_id", "auths_user"."person_id", "auths_user"."updated_at", "auths_user"."registered_by", "oauth2_provider_application"."id", "oauth2_provider_application"."client_id", "oauth2_provider_application"."user_id", "oauth2_provider_application"."redirect_uris", "oauth2_provider_application"."client_type", "oauth2_provider_application"."authorization_grant_type", "oauth2_provider_application"."client_secret", "oauth2_provider_application"."name", "oauth2_provider_application"."skip_authorization" FROM "oauth2_provider_accesstoken" LEFT OUTER JOIN "auths_user" ON ("oauth2_provider_accesstoken"."user_id" = "auths_user"."id") INNER JOIN "oauth2_provider_application" ON ("oauth2_provider_accesstoken"."application_id" = "oauth2_provider_application"."id") WHERE "oauth2_provider_accesstoken"."token" = 'ehMl5W9RubDJrnscu6Fl0hVWYrvZkl'; args=('ehMl5W9RubDJrnscu6Fl0hVWYrvZkl',)
[2016-11-30 22:34:26] DEBUG [django.db.backends:90] (0.000) SELECT "auth_group"."id", "auth_group"."name" FROM "auth_group" INNER JOIN "auths_user_groups" ON ("auth_group"."id" = "auths_user_groups"."group_id") WHERE "auths_user_groups"."user_id" = '915b008a06b9406391807ca522830fca'; args=('915b008a06b9406391807ca522830fca',)
[2016-11-30 22:34:26] DEBUG [django.db.backends:90] (0.001) SELECT "auth_permission"."id", "auth_permission"."name", "auth_permission"."content_type_id", "auth_permission"."codename" FROM "auth_permission" INNER JOIN "auths_user_user_permissions" ON ("auth_permission"."id" = "auths_user_user_permissions"."permission_id") INNER JOIN "django_content_type" ON ("auth_permission"."content_type_id" = "django_content_type"."id") WHERE "auths_user_user_permissions"."user_id" = '915b008a06b9406391807ca522830fca' ORDER BY "django_content_type"."app_label" ASC, "django_content_type"."model" ASC, "auth_permission"."codename" ASC; args=('915b008a06b9406391807ca522830fca',)
[2016-11-30 22:34:26] INFO [django.server:131] "GET /api/auths/localuserinfo/ HTTP/1.1" 200 405
[2016-11-30 22:34:26] DEBUG [django.db.backends:90] (0.002) SELECT "oauth2_provider_accesstoken"."id", "oauth2_provider_accesstoken"."user_id", "oauth2_provider_accesstoken"."token", "oauth2_provider_accesstoken"."application_id", "oauth2_provider_accesstoken"."expires", "oauth2_provider_accesstoken"."scope", "auths_user"."password", "auths_user"."last_login", "auths_user"."is_superuser", "auths_user"."username", "auths_user"."first_name", "auths_user"."last_name", "auths_user"."email", "auths_user"."is_staff", "auths_user"."is_active", "auths_user"."date_joined", "auths_user"."id", "auths_user"."last_hierarchy_id", "auths_user"."last_module_id", "auths_user"."person_id", "auths_user"."updated_at", "auths_user"."registered_by", "oauth2_provider_application"."id", "oauth2_provider_application"."client_id", "oauth2_provider_application"."user_id", "oauth2_provider_application"."redirect_uris", "oauth2_provider_application"."client_type", "oauth2_provider_application"."authorization_grant_type", "oauth2_provider_application"."client_secret", "oauth2_provider_application"."name", "oauth2_provider_application"."skip_authorization" FROM "oauth2_provider_accesstoken" LEFT OUTER JOIN "auths_user" ON ("oauth2_provider_accesstoken"."user_id" = "auths_user"."id") INNER JOIN "oauth2_provider_application" ON ("oauth2_provider_accesstoken"."application_id" = "oauth2_provider_application"."id") WHERE "oauth2_provider_accesstoken"."token" = 'ehMl5W9RubDJrnscu6Fl0hVWYrvZkl'; args=('ehMl5W9RubDJrnscu6Fl0hVWYrvZkl',)
[2016-11-30 22:34:26] DEBUG [django.db.backends:90] (0.000) SELECT "oauth2_provider_accesstoken"."id", "oauth2_provider_accesstoken"."user_id", "oauth2_provider_accesstoken"."token", "oauth2_provider_accesstoken"."application_id", "oauth2_provider_accesstoken"."expires", "oauth2_provider_accesstoken"."scope", "auths_user"."password", "auths_user"."last_login", "auths_user"."is_superuser", "auths_user"."username", "auths_user"."first_name", "auths_user"."last_name", "auths_user"."email", "auths_user"."is_staff", "auths_user"."is_active", "auths_user"."date_joined", "auths_user"."id", "auths_user"."last_hierarchy_id", "auths_user"."last_module_id", "auths_user"."person_id", "auths_user"."updated_at", "auths_user"."registered_by", "oauth2_provider_application"."id", "oauth2_provider_application"."client_id", "oauth2_provider_application"."user_id", "oauth2_provider_application"."redirect_uris", "oauth2_provider_application"."client_type", "oauth2_provider_application"."authorization_grant_type", "oauth2_provider_application"."client_secret", "oauth2_provider_application"."name", "oauth2_provider_application"."skip_authorization" FROM "oauth2_provider_accesstoken" LEFT OUTER JOIN "auths_user" ON ("oauth2_provider_accesstoken"."user_id" = "auths_user"."id") INNER JOIN "oauth2_provider_application" ON ("oauth2_provider_accesstoken"."application_id" = "oauth2_provider_application"."id") WHERE "oauth2_provider_accesstoken"."token" = 'ehMl5W9RubDJrnscu6Fl0hVWYrvZkl'; args=('ehMl5W9RubDJrnscu6Fl0hVWYrvZkl',)
[2016-11-30 22:34:26] DEBUG [django.db.backends:90] (0.001) SELECT "auths_menu"."id" FROM "auths_menu" WHERE ("auths_menu"."id" IS NOT NULL AND "auths_menu"."is_active" = 1 AND "auths_menu"."module" = 'BACKEND') ORDER BY "auths_menu"."pos" ASC; args=(True, 'BACKEND')
[2016-11-30 22:34:26] DEBUG [django.db.backends:90] (0.001) SELECT (1) AS "a" FROM "django_session" WHERE "django_session"."session_key" = '5ulrgv74v95k9lxvpg4wvjafykwqmrrb' LIMIT 1; args=('5ulrgv74v95k9lxvpg4wvjafykwqmrrb',)
[2016-11-30 22:34:26] DEBUG [django.db.backends:90] (0.000) BEGIN; args=None
[2016-11-30 22:34:26] DEBUG [django.db.backends:90] (0.004) INSERT INTO "django_session" ("session_key", "session_data", "expire_date") SELECT '5ulrgv74v95k9lxvpg4wvjafykwqmrrb', 'Y2U1MDdhOTVhY2Y1M2EzOGYyOTc1YmE0OTQ4NTlmMWJkODNmMmEzMjp7Il9zZXNzaW9uX2V4cGlyeSI6MzB9', '2016-12-01 06:34:56.802303'; args=('5ulrgv74v95k9lxvpg4wvjafykwqmrrb', 'Y2U1MDdhOTVhY2Y1M2EzOGYyOTc1YmE0OTQ4NTlmMWJkODNmMmEzMjp7Il9zZXNzaW9uX2V4cGlyeSI6MzB9', '2016-12-01 06:34:56.802303')
[2016-11-30 22:34:26] INFO [django.server:131] "GET /api/auths/usermenu/ HTTP/1.1" 200 11
[2016-11-30 22:49:53] DEBUG [django.db.backends:90] (0.001) 
            SELECT name, type FROM sqlite_master
            WHERE type in ('table', 'view') AND NOT name='sqlite_sequence'
            ORDER BY name; args=None
[2016-11-30 22:49:53] DEBUG [django.db.backends:90] (0.000) SELECT "django_migrations"."app", "django_migrations"."name" FROM "django_migrations"; args=()
